<?xml version="1.0" encoding="UTF-8"?>
<coverage generated="1495032409343" clover="3.2.0">
  <project timestamp="1495032409343" name="All files">
    <metrics statements="130" coveredstatements="100" conditionals="41" coveredconditionals="20" methods="43" coveredmethods="31" elements="214" coveredelements="151" complexity="0" loc="130" ncloc="130" packages="6" files="16" classes="16">
      <package name="helperFiles">
        <metrics statements="12" coveredstatements="8" conditionals="0" coveredconditionals="0" methods="0" coveredmethods="0"/>
        <file name="helperArticles.js" path="/Users/andeladeveloper/Documents/Andela/headlines-nfa/helperFiles/helperArticles.js">
          <metrics statements="4" coveredstatements="3" conditionals="0" coveredconditionals="0" methods="0" coveredmethods="0"/>
          <line num="3" count="1" type="stmt"/>
          <line num="4" count="1" type="stmt"/>
          <line num="5" count="3" type="stmt"/>
          <line num="6" count="0" type="stmt"/>
        </file>
        <file name="helperSorts.js" path="/Users/andeladeveloper/Documents/Andela/headlines-nfa/helperFiles/helperSorts.js">
          <metrics statements="4" coveredstatements="3" conditionals="0" coveredconditionals="0" methods="0" coveredmethods="0"/>
          <line num="3" count="1" type="stmt"/>
          <line num="4" count="1" type="stmt"/>
          <line num="5" count="1" type="stmt"/>
          <line num="6" count="0" type="stmt"/>
        </file>
        <file name="helperSources.js" path="/Users/andeladeveloper/Documents/Andela/headlines-nfa/helperFiles/helperSources.js">
          <metrics statements="4" coveredstatements="2" conditionals="0" coveredconditionals="0" methods="0" coveredmethods="0"/>
          <line num="3" count="1" type="stmt"/>
          <line num="4" count="1" type="stmt"/>
          <line num="5" count="0" type="stmt"/>
          <line num="6" count="0" type="stmt"/>
        </file>
      </package>
      <package name="src.js.actions">
        <metrics statements="24" coveredstatements="24" conditionals="8" coveredconditionals="4" methods="8" coveredmethods="8"/>
        <file name="ArticlesActions.js" path="/Users/andeladeveloper/Documents/Andela/headlines-nfa/src/js/actions/ArticlesActions.js">
          <metrics statements="7" coveredstatements="7" conditionals="2" coveredconditionals="1" methods="2" coveredmethods="2"/>
          <line num="11" count="2" type="stmt"/>
          <line num="12" count="2" type="stmt"/>
          <line num="14" count="2" type="stmt"/>
          <line num="15" count="1" type="cond" truecount="1" falsecount="1"/>
          <line num="16" count="1" type="stmt"/>
          <line num="17" count="1" type="stmt"/>
          <line num="29" count="1" type="stmt"/>
        </file>
        <file name="AuthenticationAction.js" path="/Users/andeladeveloper/Documents/Andela/headlines-nfa/src/js/actions/AuthenticationAction.js">
          <metrics statements="5" coveredstatements="5" conditionals="2" coveredconditionals="1" methods="2" coveredmethods="2"/>
          <line num="10" count="2" type="cond" truecount="1" falsecount="1"/>
          <line num="11" count="2" type="stmt"/>
          <line num="12" count="2" type="stmt"/>
          <line num="23" count="1" type="stmt"/>
          <line num="24" count="1" type="stmt"/>
        </file>
        <file name="SortActions.js" path="/Users/andeladeveloper/Documents/Andela/headlines-nfa/src/js/actions/SortActions.js">
          <metrics statements="7" coveredstatements="7" conditionals="2" coveredconditionals="1" methods="2" coveredmethods="2"/>
          <line num="5" count="1" type="stmt"/>
          <line num="6" count="1" type="stmt"/>
          <line num="14" count="1" type="stmt"/>
          <line num="15" count="1" type="cond" truecount="1" falsecount="1"/>
          <line num="16" count="1" type="stmt"/>
          <line num="17" count="1" type="stmt"/>
          <line num="29" count="1" type="stmt"/>
        </file>
        <file name="SourcesActions.js" path="/Users/andeladeveloper/Documents/Andela/headlines-nfa/src/js/actions/SourcesActions.js">
          <metrics statements="5" coveredstatements="5" conditionals="2" coveredconditionals="1" methods="2" coveredmethods="2"/>
          <line num="9" count="2" type="stmt"/>
          <line num="10" count="1" type="cond" truecount="1" falsecount="1"/>
          <line num="11" count="1" type="stmt"/>
          <line num="12" count="1" type="stmt"/>
          <line num="23" count="1" type="stmt"/>
        </file>
      </package>
      <package name="src.js.components.layout">
        <metrics statements="19" coveredstatements="17" conditionals="11" coveredconditionals="5" methods="5" coveredmethods="4"/>
        <file name="Footer.jsx" path="/Users/andeladeveloper/Documents/Andela/headlines-nfa/src/js/components/layout/Footer.jsx">
          <metrics statements="2" coveredstatements="2" conditionals="0" coveredconditionals="0" methods="1" coveredmethods="1"/>
          <line num="3" count="1" type="stmt"/>
          <line num="4" count="1" type="stmt"/>
        </file>
        <file name="Nav.jsx" path="/Users/andeladeveloper/Documents/Andela/headlines-nfa/src/js/components/layout/Nav.jsx">
          <metrics statements="17" coveredstatements="15" conditionals="11" coveredconditionals="5" methods="4" coveredmethods="3"/>
          <line num="12" count="1" type="stmt"/>
          <line num="14" count="1" type="stmt"/>
          <line num="18" count="1" type="stmt"/>
          <line num="19" count="1" type="stmt"/>
          <line num="20" count="1" type="stmt"/>
          <line num="26" count="0" type="stmt"/>
          <line num="27" count="0" type="stmt"/>
          <line num="34" count="1" type="stmt"/>
          <line num="35" count="1" type="stmt"/>
          <line num="36" count="1" type="stmt"/>
          <line num="43" count="1" type="stmt"/>
          <line num="44" count="1" type="stmt"/>
          <line num="45" count="1" type="cond" truecount="2" falsecount="2"/>
          <line num="47" count="1" type="cond" truecount="2" falsecount="3"/>
          <line num="50" count="1" type="cond" truecount="1" falsecount="1"/>
          <line num="52" count="1" type="stmt"/>
          <line num="88" count="1" type="stmt"/>
        </file>
      </package>
      <package name="src.js.components.pages">
        <metrics statements="41" coveredstatements="26" conditionals="16" coveredconditionals="9" methods="18" coveredmethods="7"/>
        <file name="Articles.jsx" path="/Users/andeladeveloper/Documents/Andela/headlines-nfa/src/js/components/pages/Articles.jsx">
          <metrics statements="20" coveredstatements="12" conditionals="16" coveredconditionals="9" methods="8" coveredmethods="3"/>
          <line num="14" count="1" type="stmt"/>
          <line num="15" count="1" type="stmt"/>
          <line num="19" count="1" type="stmt"/>
          <line num="20" count="1" type="stmt"/>
          <line num="29" count="1" type="cond" truecount="1" falsecount="1"/>
          <line num="30" count="0" type="cond" truecount="0" falsecount="2"/>
          <line num="31" count="0" type="stmt"/>
          <line num="32" count="0" type="stmt"/>
          <line num="41" count="0" type="stmt"/>
          <line num="49" count="0" type="stmt"/>
          <line num="58" count="0" type="stmt"/>
          <line num="70" count="1" type="cond" truecount="2" falsecount="1"/>
          <line num="73" count="1" type="cond" truecount="1" falsecount="1"/>
          <line num="74" count="1" type="stmt"/>
          <line num="75" count="1" type="cond" truecount="2" falsecount="1"/>
          <line num="76" count="1" type="stmt"/>
          <line num="77" count="1" type="stmt"/>
          <line num="86" count="0" type="stmt"/>
          <line num="94" count="0" type="stmt"/>
          <line num="114" count="1" type="stmt"/>
        </file>
        <file name="Login.jsx" path="/Users/andeladeveloper/Documents/Andela/headlines-nfa/src/js/components/pages/Login.jsx">
          <metrics statements="8" coveredstatements="8" conditionals="0" coveredconditionals="0" methods="2" coveredmethods="2"/>
          <line num="13" count="1" type="stmt"/>
          <line num="14" count="2" type="stmt"/>
          <line num="15" count="2" type="stmt"/>
          <line num="20" count="2" type="stmt"/>
          <line num="21" count="2" type="stmt"/>
          <line num="22" count="2" type="stmt"/>
          <line num="25" count="1" type="stmt"/>
          <line num="26" count="3" type="stmt"/>
        </file>
        <file name="NewsSources.jsx" path="/Users/andeladeveloper/Documents/Andela/headlines-nfa/src/js/components/pages/NewsSources.jsx">
          <metrics statements="13" coveredstatements="6" conditionals="0" coveredconditionals="0" methods="8" coveredmethods="2"/>
          <line num="13" count="1" type="stmt"/>
          <line num="14" count="1" type="stmt"/>
          <line num="18" count="1" type="stmt"/>
          <line num="19" count="1" type="stmt"/>
          <line num="27" count="0" type="stmt"/>
          <line num="28" count="0" type="stmt"/>
          <line num="37" count="0" type="stmt"/>
          <line num="45" count="0" type="stmt"/>
          <line num="56" count="0" type="stmt"/>
          <line num="63" count="1" type="stmt"/>
          <line num="64" count="0" type="stmt"/>
          <line num="68" count="1" type="stmt"/>
          <line num="82" count="0" type="stmt"/>
        </file>
      </package>
      <package name="src.js.stores">
        <metrics statements="32" coveredstatements="23" conditionals="6" coveredconditionals="2" methods="12" coveredmethods="12"/>
        <file name="ArticlesStore.js" path="/Users/andeladeveloper/Documents/Andela/headlines-nfa/src/js/stores/ArticlesStore.js">
          <metrics statements="18" coveredstatements="12" conditionals="4" coveredconditionals="1" methods="6" coveredmethods="6"/>
          <line num="16" count="2" type="stmt"/>
          <line num="17" count="2" type="stmt"/>
          <line num="18" count="2" type="stmt"/>
          <line num="19" count="2" type="stmt"/>
          <line num="26" count="3" type="stmt"/>
          <line num="33" count="1" type="stmt"/>
          <line num="42" count="1" type="stmt"/>
          <line num="51" count="1" type="stmt"/>
          <line num="54" count="2" type="stmt"/>
          <line num="55" count="2" type="stmt"/>
          <line num="56" count="1" type="cond" truecount="1" falsecount="1"/>
          <line num="58" count="0" type="cond" truecount="0" falsecount="2"/>
          <line num="59" count="0" type="stmt"/>
          <line num="61" count="0" type="stmt"/>
          <line num="62" count="0" type="stmt"/>
          <line num="63" count="0" type="stmt"/>
          <line num="64" count="0" type="stmt"/>
          <line num="66" count="1" type="stmt"/>
        </file>
        <file name="SourceStore.js" path="/Users/andeladeveloper/Documents/Andela/headlines-nfa/src/js/stores/SourceStore.js">
          <metrics statements="14" coveredstatements="11" conditionals="2" coveredconditionals="1" methods="6" coveredmethods="6"/>
          <line num="16" count="3" type="stmt"/>
          <line num="17" count="3" type="stmt"/>
          <line num="24" count="3" type="stmt"/>
          <line num="31" count="1" type="stmt"/>
          <line num="40" count="1" type="stmt"/>
          <line num="49" count="1" type="stmt"/>
          <line num="52" count="3" type="stmt"/>
          <line num="54" count="3" type="stmt"/>
          <line num="55" count="1" type="cond" truecount="1" falsecount="1"/>
          <line num="57" count="0" type="stmt"/>
          <line num="58" count="0" type="stmt"/>
          <line num="59" count="0" type="stmt"/>
          <line num="61" count="1" type="stmt"/>
          <line num="63" count="1" type="stmt"/>
        </file>
      </package>
      <package name="src.js.utils">
        <metrics statements="2" coveredstatements="2" conditionals="0" coveredconditionals="0" methods="0" coveredmethods="0"/>
        <file name="AppConstants.js" path="/Users/andeladeveloper/Documents/Andela/headlines-nfa/src/js/utils/AppConstants.js">
          <metrics statements="2" coveredstatements="2" conditionals="0" coveredconditionals="0" methods="0" coveredmethods="0"/>
          <line num="1" count="9" type="stmt"/>
          <line num="9" count="9" type="stmt"/>
        </file>
        <file name="AppDispatcher.js" path="/Users/andeladeveloper/Documents/Andela/headlines-nfa/src/js/utils/AppDispatcher.js">
          <metrics statements="0" coveredstatements="0" conditionals="0" coveredconditionals="0" methods="0" coveredmethods="0"/>
        </file>
      </package>
    </metrics>
  </project>
</coverage>
