{"/Users/andeladeveloper/Documents/Andela/headlines-nfa/helperFiles/helperArticles.js": {"path":"/Users/andeladeveloper/Documents/Andela/headlines-nfa/helperFiles/helperArticles.js","statementMap":{"0":{"start":{"line":3,"column":20},"end":{"line":7,"column":1}},"1":{"start":{"line":4,"column":10},"end":{"line":4,"column":22}},"2":{"start":{"line":5,"column":12},"end":{"line":5,"column":24}},"3":{"start":{"line":6,"column":14},"end":{"line":6,"column":37}}},"fnMap":{},"branchMap":{},"s":{"0":1,"1":1,"2":3,"3":0},"f":{},"b":{},"_coverageSchema":"332fd63041d2c1bcb487cc26dd0d5f7d97098a6c","hash":"31bfe01697c534cedd3ac856e1ceefbc72e8cd6b"}
,"/Users/andeladeveloper/Documents/Andela/headlines-nfa/helperFiles/helperSorts.js": {"path":"/Users/andeladeveloper/Documents/Andela/headlines-nfa/helperFiles/helperSorts.js","statementMap":{"0":{"start":{"line":3,"column":20},"end":{"line":7,"column":1}},"1":{"start":{"line":4,"column":10},"end":{"line":4,"column":22}},"2":{"start":{"line":5,"column":12},"end":{"line":5,"column":24}},"3":{"start":{"line":6,"column":14},"end":{"line":6,"column":34}}},"fnMap":{},"branchMap":{},"s":{"0":1,"1":1,"2":1,"3":0},"f":{},"b":{},"_coverageSchema":"332fd63041d2c1bcb487cc26dd0d5f7d97098a6c","hash":"fba215e2294b6d88702aeeee127b276e8409b076"}
,"/Users/andeladeveloper/Documents/Andela/headlines-nfa/helperFiles/helperSources.js": {"path":"/Users/andeladeveloper/Documents/Andela/headlines-nfa/helperFiles/helperSources.js","statementMap":{"0":{"start":{"line":3,"column":20},"end":{"line":7,"column":1}},"1":{"start":{"line":4,"column":10},"end":{"line":4,"column":22}},"2":{"start":{"line":5,"column":12},"end":{"line":5,"column":24}},"3":{"start":{"line":6,"column":14},"end":{"line":6,"column":36}}},"fnMap":{},"branchMap":{},"s":{"0":1,"1":1,"2":0,"3":0},"f":{},"b":{},"_coverageSchema":"332fd63041d2c1bcb487cc26dd0d5f7d97098a6c","hash":"0279f15b538631b5fadd7a31a8344323f6cf4d5f"}
,"/Users/andeladeveloper/Documents/Andela/headlines-nfa/src/js/actions/ArticlesActions.js": {"path":"/Users/andeladeveloper/Documents/Andela/headlines-nfa/src/js/actions/ArticlesActions.js","statementMap":{"0":{"start":{"line":11,"column":12},"end":{"line":11,"column":45}},"1":{"start":{"line":12,"column":12},"end":{"line":12,"column":30}},"2":{"start":{"line":14,"column":32},"end":{"line":21,"column":1}},"3":{"start":{"line":15,"column":2},"end":{"line":15,"column":18}},"4":{"start":{"line":15,"column":11},"end":{"line":15,"column":18}},"5":{"start":{"line":16,"column":17},"end":{"line":16,"column":42}},"6":{"start":{"line":17,"column":2},"end":{"line":20,"column":5}},"7":{"start":{"line":29,"column":2},"end":{"line":34,"column":25}}},"fnMap":{"0":{"name":"(anonymous_0)","decl":{"start":{"line":14,"column":32},"end":{"line":14,"column":33}},"loc":{"start":{"line":14,"column":51},"end":{"line":21,"column":1}},"line":14},"1":{"name":"getArticles","decl":{"start":{"line":28,"column":16},"end":{"line":28,"column":27}},"loc":{"start":{"line":28,"column":44},"end":{"line":35,"column":1}},"line":28}},"branchMap":{"0":{"loc":{"start":{"line":15,"column":2},"end":{"line":15,"column":18}},"type":"if","locations":[{"start":{"line":15,"column":2},"end":{"line":15,"column":18}},{"start":{"line":15,"column":2},"end":{"line":15,"column":18}}],"line":15}},"s":{"0":1,"1":1,"2":1,"3":1,"4":0,"5":1,"6":1,"7":1},"f":{"0":1,"1":1},"b":{"0":[0,1]},"_coverageSchema":"332fd63041d2c1bcb487cc26dd0d5f7d97098a6c","hash":"057bfa3669c081502d722f8a28b9e221af1b63ea"}
,"/Users/andeladeveloper/Documents/Andela/headlines-nfa/src/js/actions/AuthenticationAction.js": {"path":"/Users/andeladeveloper/Documents/Andela/headlines-nfa/src/js/actions/AuthenticationAction.js","statementMap":{"0":{"start":{"line":10,"column":19},"end":{"line":10,"column":52}},"1":{"start":{"line":11,"column":15},"end":{"line":11,"column":35}},"2":{"start":{"line":12,"column":2},"end":{"line":15,"column":5}},"3":{"start":{"line":23,"column":2},"end":{"line":23,"column":30}},"4":{"start":{"line":24,"column":2},"end":{"line":26,"column":5}}},"fnMap":{"0":{"name":"isLoggin","decl":{"start":{"line":9,"column":16},"end":{"line":9,"column":24}},"loc":{"start":{"line":9,"column":27},"end":{"line":16,"column":1}},"line":9},"1":{"name":"logout","decl":{"start":{"line":22,"column":16},"end":{"line":22,"column":22}},"loc":{"start":{"line":22,"column":25},"end":{"line":27,"column":1}},"line":22}},"branchMap":{"0":{"loc":{"start":{"line":10,"column":19},"end":{"line":10,"column":52}},"type":"binary-expr","locations":[{"start":{"line":10,"column":19},"end":{"line":10,"column":43}},{"start":{"line":10,"column":47},"end":{"line":10,"column":52}}],"line":10}},"s":{"0":2,"1":2,"2":2,"3":1,"4":1},"f":{"0":2,"1":1},"b":{"0":[2,0]},"_coverageSchema":"332fd63041d2c1bcb487cc26dd0d5f7d97098a6c","hash":"d0af168a5957f5e0bec1793d5ab655861a2506fd"}
,"/Users/andeladeveloper/Documents/Andela/headlines-nfa/src/js/actions/SortActions.js": {"path":"/Users/andeladeveloper/Documents/Andela/headlines-nfa/src/js/actions/SortActions.js","statementMap":{"0":{"start":{"line":5,"column":12},"end":{"line":5,"column":45}},"1":{"start":{"line":6,"column":12},"end":{"line":6,"column":46}},"2":{"start":{"line":14,"column":29},"end":{"line":21,"column":1}},"3":{"start":{"line":15,"column":2},"end":{"line":15,"column":18}},"4":{"start":{"line":15,"column":11},"end":{"line":15,"column":18}},"5":{"start":{"line":16,"column":17},"end":{"line":16,"column":42}},"6":{"start":{"line":17,"column":2},"end":{"line":20,"column":5}},"7":{"start":{"line":29,"column":2},"end":{"line":32,"column":24}}},"fnMap":{"0":{"name":"(anonymous_0)","decl":{"start":{"line":14,"column":29},"end":{"line":14,"column":30}},"loc":{"start":{"line":14,"column":48},"end":{"line":21,"column":1}},"line":14},"1":{"name":"getSorts","decl":{"start":{"line":28,"column":16},"end":{"line":28,"column":24}},"loc":{"start":{"line":28,"column":33},"end":{"line":33,"column":1}},"line":28}},"branchMap":{"0":{"loc":{"start":{"line":15,"column":2},"end":{"line":15,"column":18}},"type":"if","locations":[{"start":{"line":15,"column":2},"end":{"line":15,"column":18}},{"start":{"line":15,"column":2},"end":{"line":15,"column":18}}],"line":15}},"s":{"0":1,"1":1,"2":1,"3":1,"4":0,"5":1,"6":1,"7":1},"f":{"0":1,"1":1},"b":{"0":[0,1]},"_coverageSchema":"332fd63041d2c1bcb487cc26dd0d5f7d97098a6c","hash":"4e366d0c05ad20f9c9bc3695b64d4f087a7b0ba3"}
,"/Users/andeladeveloper/Documents/Andela/headlines-nfa/src/js/actions/SourcesActions.js": {"path":"/Users/andeladeveloper/Documents/Andela/headlines-nfa/src/js/actions/SourcesActions.js","statementMap":{"0":{"start":{"line":9,"column":31},"end":{"line":16,"column":1}},"1":{"start":{"line":10,"column":2},"end":{"line":10,"column":18}},"2":{"start":{"line":10,"column":11},"end":{"line":10,"column":18}},"3":{"start":{"line":11,"column":17},"end":{"line":11,"column":42}},"4":{"start":{"line":12,"column":2},"end":{"line":15,"column":5}},"5":{"start":{"line":23,"column":2},"end":{"line":25,"column":26}}},"fnMap":{"0":{"name":"(anonymous_0)","decl":{"start":{"line":9,"column":31},"end":{"line":9,"column":32}},"loc":{"start":{"line":9,"column":50},"end":{"line":16,"column":1}},"line":9},"1":{"name":"getSources","decl":{"start":{"line":22,"column":16},"end":{"line":22,"column":26}},"loc":{"start":{"line":22,"column":29},"end":{"line":26,"column":1}},"line":22}},"branchMap":{"0":{"loc":{"start":{"line":10,"column":2},"end":{"line":10,"column":18}},"type":"if","locations":[{"start":{"line":10,"column":2},"end":{"line":10,"column":18}},{"start":{"line":10,"column":2},"end":{"line":10,"column":18}}],"line":10}},"s":{"0":1,"1":1,"2":0,"3":1,"4":1,"5":1},"f":{"0":1,"1":1},"b":{"0":[0,1]},"_coverageSchema":"332fd63041d2c1bcb487cc26dd0d5f7d97098a6c","hash":"4776f2a21047d3b0985100dc4e43c49d7922a22e"}
,"/Users/andeladeveloper/Documents/Andela/headlines-nfa/src/js/components/layout/Footer.jsx": {"path":"/Users/andeladeveloper/Documents/Andela/headlines-nfa/src/js/components/layout/Footer.jsx","statementMap":{"0":{"start":{"line":3,"column":15},"end":{"line":9,"column":5}},"1":{"start":{"line":4,"column":6},"end":{"line":8,"column":13}}},"fnMap":{"0":{"name":"(anonymous_0)","decl":{"start":{"line":3,"column":15},"end":{"line":3,"column":16}},"loc":{"start":{"line":4,"column":6},"end":{"line":8,"column":13}},"line":4}},"branchMap":{},"s":{"0":1,"1":1},"f":{"0":1},"b":{},"_coverageSchema":"332fd63041d2c1bcb487cc26dd0d5f7d97098a6c","hash":"8ab8d9c61ab4c847ce4fec13086adb9807676d4f"}
,"/Users/andeladeveloper/Documents/Andela/headlines-nfa/src/js/components/layout/Nav.jsx": {"path":"/Users/andeladeveloper/Documents/Andela/headlines-nfa/src/js/components/layout/Nav.jsx","statementMap":{"0":{"start":{"line":12,"column":4},"end":{"line":12,"column":12}},"1":{"start":{"line":14,"column":4},"end":{"line":17,"column":6}},"2":{"start":{"line":18,"column":4},"end":{"line":18,"column":41}},"3":{"start":{"line":19,"column":4},"end":{"line":19,"column":57}},"4":{"start":{"line":20,"column":4},"end":{"line":20,"column":18}},"5":{"start":{"line":26,"column":22},"end":{"line":26,"column":43}},"6":{"start":{"line":27,"column":4},"end":{"line":27,"column":33}},"7":{"start":{"line":34,"column":4},"end":{"line":34,"column":13}},"8":{"start":{"line":35,"column":4},"end":{"line":35,"column":21}},"9":{"start":{"line":36,"column":4},"end":{"line":36,"column":34}},"10":{"start":{"line":43,"column":25},"end":{"line":43,"column":35}},"11":{"start":{"line":44,"column":26},"end":{"line":44,"column":36}},"12":{"start":{"line":45,"column":22},"end":{"line":46,"column":48}},"13":{"start":{"line":47,"column":23},"end":{"line":48,"column":58}},"14":{"start":{"line":50,"column":21},"end":{"line":50,"column":48}},"15":{"start":{"line":52,"column":4},"end":{"line":84,"column":6}},"16":{"start":{"line":88,"column":0},"end":{"line":91,"column":2}}},"fnMap":{"0":{"name":"(anonymous_0)","decl":{"start":{"line":11,"column":2},"end":{"line":11,"column":3}},"loc":{"start":{"line":11,"column":16},"end":{"line":21,"column":3}},"line":11},"1":{"name":"(anonymous_1)","decl":{"start":{"line":25,"column":2},"end":{"line":25,"column":3}},"loc":{"start":{"line":25,"column":19},"end":{"line":28,"column":3}},"line":25},"2":{"name":"(anonymous_2)","decl":{"start":{"line":33,"column":2},"end":{"line":33,"column":3}},"loc":{"start":{"line":33,"column":11},"end":{"line":37,"column":3}},"line":33},"3":{"name":"(anonymous_3)","decl":{"start":{"line":42,"column":2},"end":{"line":42,"column":3}},"loc":{"start":{"line":42,"column":11},"end":{"line":85,"column":3}},"line":42}},"branchMap":{"0":{"loc":{"start":{"line":45,"column":22},"end":{"line":46,"column":48}},"type":"cond-expr","locations":[{"start":{"line":46,"column":35},"end":{"line":46,"column":43}},{"start":{"line":46,"column":46},"end":{"line":46,"column":48}}],"line":45},"1":{"loc":{"start":{"line":45,"column":22},"end":{"line":46,"column":32}},"type":"binary-expr","locations":[{"start":{"line":45,"column":22},"end":{"line":45,"column":30}},{"start":{"line":46,"column":7},"end":{"line":46,"column":32}}],"line":45},"2":{"loc":{"start":{"line":47,"column":23},"end":{"line":48,"column":58}},"type":"cond-expr","locations":[{"start":{"line":48,"column":45},"end":{"line":48,"column":53}},{"start":{"line":48,"column":56},"end":{"line":48,"column":58}}],"line":47},"3":{"loc":{"start":{"line":47,"column":23},"end":{"line":48,"column":42}},"type":"binary-expr","locations":[{"start":{"line":47,"column":23},"end":{"line":47,"column":31}},{"start":{"line":47,"column":35},"end":{"line":47,"column":52}},{"start":{"line":48,"column":7},"end":{"line":48,"column":42}}],"line":47},"4":{"loc":{"start":{"line":50,"column":21},"end":{"line":50,"column":48}},"type":"cond-expr","locations":[{"start":{"line":50,"column":33},"end":{"line":50,"column":43}},{"start":{"line":50,"column":46},"end":{"line":50,"column":48}}],"line":50}},"s":{"0":1,"1":1,"2":1,"3":1,"4":1,"5":0,"6":0,"7":1,"8":1,"9":1,"10":1,"11":1,"12":1,"13":1,"14":1,"15":1,"16":1},"f":{"0":1,"1":0,"2":1,"3":1},"b":{"0":[0,1],"1":[1,0],"2":[0,1],"3":[1,0,0],"4":[1,0]},"_coverageSchema":"332fd63041d2c1bcb487cc26dd0d5f7d97098a6c","hash":"ec1952f8a74cc1edbf7981d4d47bceb9a1b44849"}
,"/Users/andeladeveloper/Documents/Andela/headlines-nfa/src/js/components/pages/Login.jsx": {"path":"/Users/andeladeveloper/Documents/Andela/headlines-nfa/src/js/components/pages/Login.jsx","statementMap":{"0":{"start":{"line":13,"column":30},"end":{"line":23,"column":1}},"1":{"start":{"line":14,"column":36},"end":{"line":14,"column":55}},"2":{"start":{"line":15,"column":22},"end":{"line":19,"column":3}},"3":{"start":{"line":20,"column":2},"end":{"line":20,"column":60}},"4":{"start":{"line":21,"column":2},"end":{"line":21,"column":13}},"5":{"start":{"line":22,"column":2},"end":{"line":22,"column":27}},"6":{"start":{"line":25,"column":14},"end":{"line":59,"column":3}},"7":{"start":{"line":26,"column":4},"end":{"line":58,"column":10}}},"fnMap":{"0":{"name":"(anonymous_0)","decl":{"start":{"line":13,"column":30},"end":{"line":13,"column":31}},"loc":{"start":{"line":13,"column":44},"end":{"line":23,"column":1}},"line":13},"1":{"name":"(anonymous_1)","decl":{"start":{"line":25,"column":14},"end":{"line":25,"column":15}},"loc":{"start":{"line":26,"column":4},"end":{"line":58,"column":10}},"line":26}},"branchMap":{},"s":{"0":1,"1":2,"2":2,"3":2,"4":2,"5":2,"6":1,"7":3},"f":{"0":2,"1":3},"b":{},"_coverageSchema":"332fd63041d2c1bcb487cc26dd0d5f7d97098a6c","hash":"d7064dc6613d71b1be53c75ad5792ae3b5c467df"}
,"/Users/andeladeveloper/Documents/Andela/headlines-nfa/src/js/stores/SortStore.js": {"path":"/Users/andeladeveloper/Documents/Andela/headlines-nfa/src/js/stores/SortStore.js","statementMap":{"0":{"start":{"line":16,"column":4},"end":{"line":16,"column":12}},"1":{"start":{"line":17,"column":4},"end":{"line":17,"column":23}},"2":{"start":{"line":18,"column":4},"end":{"line":18,"column":21}},"3":{"start":{"line":19,"column":4},"end":{"line":19,"column":21}},"4":{"start":{"line":26,"column":4},"end":{"line":26,"column":25}},"5":{"start":{"line":33,"column":4},"end":{"line":33,"column":24}},"6":{"start":{"line":42,"column":4},"end":{"line":42,"column":32}},"7":{"start":{"line":51,"column":4},"end":{"line":51,"column":44}},"8":{"start":{"line":55,"column":18},"end":{"line":55,"column":34}},"9":{"start":{"line":57,"column":0},"end":{"line":70,"column":3}},"10":{"start":{"line":58,"column":2},"end":{"line":69,"column":3}},"11":{"start":{"line":60,"column":6},"end":{"line":60,"column":70}},"12":{"start":{"line":60,"column":41},"end":{"line":60,"column":70}},"13":{"start":{"line":61,"column":6},"end":{"line":62,"column":31}},"14":{"start":{"line":63,"column":6},"end":{"line":63,"column":49}},"15":{"start":{"line":64,"column":6},"end":{"line":64,"column":49}},"16":{"start":{"line":65,"column":6},"end":{"line":65,"column":29}},"17":{"start":{"line":66,"column":6},"end":{"line":66,"column":12}},"18":{"start":{"line":68,"column":6},"end":{"line":68,"column":12}}},"fnMap":{"0":{"name":"(anonymous_0)","decl":{"start":{"line":15,"column":2},"end":{"line":15,"column":3}},"loc":{"start":{"line":15,"column":16},"end":{"line":20,"column":3}},"line":15},"1":{"name":"(anonymous_1)","decl":{"start":{"line":25,"column":2},"end":{"line":25,"column":3}},"loc":{"start":{"line":25,"column":11},"end":{"line":27,"column":3}},"line":25},"2":{"name":"(anonymous_2)","decl":{"start":{"line":32,"column":2},"end":{"line":32,"column":3}},"loc":{"start":{"line":32,"column":15},"end":{"line":34,"column":3}},"line":32},"3":{"name":"(anonymous_3)","decl":{"start":{"line":41,"column":2},"end":{"line":41,"column":3}},"loc":{"start":{"line":41,"column":30},"end":{"line":43,"column":3}},"line":41},"4":{"name":"(anonymous_4)","decl":{"start":{"line":50,"column":2},"end":{"line":50,"column":3}},"loc":{"start":{"line":50,"column":33},"end":{"line":52,"column":3}},"line":50},"5":{"name":"(anonymous_5)","decl":{"start":{"line":57,"column":23},"end":{"line":57,"column":24}},"loc":{"start":{"line":57,"column":36},"end":{"line":70,"column":1}},"line":57}},"branchMap":{"0":{"loc":{"start":{"line":58,"column":2},"end":{"line":69,"column":3}},"type":"switch","locations":[{"start":{"line":59,"column":4},"end":{"line":66,"column":12}},{"start":{"line":67,"column":4},"end":{"line":68,"column":12}}],"line":58},"1":{"loc":{"start":{"line":60,"column":6},"end":{"line":60,"column":70}},"type":"if","locations":[{"start":{"line":60,"column":6},"end":{"line":60,"column":70}},{"start":{"line":60,"column":6},"end":{"line":60,"column":70}}],"line":60}},"s":{"0":1,"1":1,"2":1,"3":1,"4":2,"5":1,"6":1,"7":1,"8":1,"9":1,"10":1,"11":0,"12":0,"13":0,"14":0,"15":0,"16":0,"17":0,"18":1},"f":{"0":1,"1":2,"2":1,"3":1,"4":1,"5":1},"b":{"0":[0,1],"1":[0,0]},"_coverageSchema":"332fd63041d2c1bcb487cc26dd0d5f7d97098a6c","hash":"59594e2203f4b2dc177420b142ea7ae4eefbb7d8"}
,"/Users/andeladeveloper/Documents/Andela/headlines-nfa/src/js/stores/SourceStore.js": {"path":"/Users/andeladeveloper/Documents/Andela/headlines-nfa/src/js/stores/SourceStore.js","statementMap":{"0":{"start":{"line":16,"column":4},"end":{"line":16,"column":12}},"1":{"start":{"line":17,"column":4},"end":{"line":17,"column":22}},"2":{"start":{"line":24,"column":4},"end":{"line":24,"column":24}},"3":{"start":{"line":31,"column":4},"end":{"line":31,"column":24}},"4":{"start":{"line":40,"column":4},"end":{"line":40,"column":32}},"5":{"start":{"line":49,"column":4},"end":{"line":49,"column":44}},"6":{"start":{"line":52,"column":20},"end":{"line":52,"column":35}},"7":{"start":{"line":54,"column":0},"end":{"line":64,"column":3}},"8":{"start":{"line":55,"column":2},"end":{"line":62,"column":3}},"9":{"start":{"line":57,"column":6},"end":{"line":57,"column":42}},"10":{"start":{"line":58,"column":6},"end":{"line":58,"column":31}},"11":{"start":{"line":59,"column":6},"end":{"line":59,"column":12}},"12":{"start":{"line":61,"column":6},"end":{"line":61,"column":12}},"13":{"start":{"line":63,"column":2},"end":{"line":63,"column":14}}},"fnMap":{"0":{"name":"(anonymous_0)","decl":{"start":{"line":15,"column":2},"end":{"line":15,"column":3}},"loc":{"start":{"line":15,"column":16},"end":{"line":18,"column":3}},"line":15},"1":{"name":"(anonymous_1)","decl":{"start":{"line":23,"column":2},"end":{"line":23,"column":3}},"loc":{"start":{"line":23,"column":11},"end":{"line":25,"column":3}},"line":23},"2":{"name":"(anonymous_2)","decl":{"start":{"line":30,"column":2},"end":{"line":30,"column":3}},"loc":{"start":{"line":30,"column":15},"end":{"line":32,"column":3}},"line":30},"3":{"name":"(anonymous_3)","decl":{"start":{"line":39,"column":2},"end":{"line":39,"column":3}},"loc":{"start":{"line":39,"column":30},"end":{"line":41,"column":3}},"line":39},"4":{"name":"(anonymous_4)","decl":{"start":{"line":48,"column":2},"end":{"line":48,"column":3}},"loc":{"start":{"line":48,"column":33},"end":{"line":50,"column":3}},"line":48},"5":{"name":"(anonymous_5)","decl":{"start":{"line":54,"column":23},"end":{"line":54,"column":24}},"loc":{"start":{"line":54,"column":36},"end":{"line":64,"column":1}},"line":54}},"branchMap":{"0":{"loc":{"start":{"line":55,"column":2},"end":{"line":62,"column":3}},"type":"switch","locations":[{"start":{"line":56,"column":4},"end":{"line":59,"column":12}},{"start":{"line":60,"column":4},"end":{"line":61,"column":12}}],"line":55}},"s":{"0":1,"1":1,"2":2,"3":1,"4":1,"5":1,"6":1,"7":1,"8":1,"9":0,"10":0,"11":0,"12":1,"13":1},"f":{"0":1,"1":2,"2":1,"3":1,"4":1,"5":1},"b":{"0":[0,1]},"_coverageSchema":"332fd63041d2c1bcb487cc26dd0d5f7d97098a6c","hash":"e33ba0942845247f288c6834e09a5eb7cb8781e4"}
,"/Users/andeladeveloper/Documents/Andela/headlines-nfa/src/js/utils/AppConstants.js": {"path":"/Users/andeladeveloper/Documents/Andela/headlines-nfa/src/js/utils/AppConstants.js","statementMap":{"0":{"start":{"line":1,"column":23},"end":{"line":7,"column":1}},"1":{"start":{"line":9,"column":27},"end":{"line":12,"column":1}}},"fnMap":{},"branchMap":{},"s":{"0":7,"1":7},"f":{},"b":{},"_coverageSchema":"332fd63041d2c1bcb487cc26dd0d5f7d97098a6c","hash":"257682dd43619cb38b191e05a9c903b136e044bc"}
,"/Users/andeladeveloper/Documents/Andela/headlines-nfa/src/js/utils/AppDispatcher.js": {"path":"/Users/andeladeveloper/Documents/Andela/headlines-nfa/src/js/utils/AppDispatcher.js","statementMap":{},"fnMap":{},"branchMap":{},"s":{},"f":{},"b":{},"_coverageSchema":"332fd63041d2c1bcb487cc26dd0d5f7d97098a6c","hash":"0880f1c3f3009c0b792fd36ad091d9a832f1ac6c"}
}
