{"/Users/andeladeveloper/Documents/Andela/headlines-nfa/helperFiles/helperArticles.js": {"path":"/Users/andeladeveloper/Documents/Andela/headlines-nfa/helperFiles/helperArticles.js","statementMap":{"0":{"start":{"line":3,"column":20},"end":{"line":7,"column":1}},"1":{"start":{"line":4,"column":10},"end":{"line":4,"column":22}},"2":{"start":{"line":5,"column":12},"end":{"line":5,"column":24}},"3":{"start":{"line":6,"column":14},"end":{"line":6,"column":37}}},"fnMap":{},"branchMap":{},"s":{"0":1,"1":1,"2":3,"3":0},"f":{},"b":{},"_coverageSchema":"332fd63041d2c1bcb487cc26dd0d5f7d97098a6c","hash":"31bfe01697c534cedd3ac856e1ceefbc72e8cd6b"}
,"/Users/andeladeveloper/Documents/Andela/headlines-nfa/helperFiles/helperSorts.js": {"path":"/Users/andeladeveloper/Documents/Andela/headlines-nfa/helperFiles/helperSorts.js","statementMap":{"0":{"start":{"line":3,"column":20},"end":{"line":7,"column":1}},"1":{"start":{"line":4,"column":10},"end":{"line":4,"column":22}},"2":{"start":{"line":5,"column":12},"end":{"line":5,"column":24}},"3":{"start":{"line":6,"column":14},"end":{"line":6,"column":34}}},"fnMap":{},"branchMap":{},"s":{"0":1,"1":1,"2":1,"3":0},"f":{},"b":{},"_coverageSchema":"332fd63041d2c1bcb487cc26dd0d5f7d97098a6c","hash":"fba215e2294b6d88702aeeee127b276e8409b076"}
,"/Users/andeladeveloper/Documents/Andela/headlines-nfa/helperFiles/helperSources.js": {"path":"/Users/andeladeveloper/Documents/Andela/headlines-nfa/helperFiles/helperSources.js","statementMap":{"0":{"start":{"line":3,"column":20},"end":{"line":7,"column":1}},"1":{"start":{"line":4,"column":10},"end":{"line":4,"column":22}},"2":{"start":{"line":5,"column":12},"end":{"line":5,"column":24}},"3":{"start":{"line":6,"column":14},"end":{"line":6,"column":36}}},"fnMap":{},"branchMap":{},"s":{"0":1,"1":1,"2":0,"3":0},"f":{},"b":{},"_coverageSchema":"332fd63041d2c1bcb487cc26dd0d5f7d97098a6c","hash":"0279f15b538631b5fadd7a31a8344323f6cf4d5f"}
,"/Users/andeladeveloper/Documents/Andela/headlines-nfa/src/js/actions/ArticlesActions.js": {"path":"/Users/andeladeveloper/Documents/Andela/headlines-nfa/src/js/actions/ArticlesActions.js","statementMap":{"0":{"start":{"line":13,"column":12},"end":{"line":13,"column":45}},"1":{"start":{"line":14,"column":12},"end":{"line":14,"column":46}},"2":{"start":{"line":16,"column":32},"end":{"line":23,"column":1}},"3":{"start":{"line":17,"column":2},"end":{"line":17,"column":18}},"4":{"start":{"line":17,"column":11},"end":{"line":17,"column":18}},"5":{"start":{"line":18,"column":17},"end":{"line":18,"column":42}},"6":{"start":{"line":19,"column":2},"end":{"line":22,"column":5}},"7":{"start":{"line":30,"column":2},"end":{"line":35,"column":25}}},"fnMap":{"0":{"name":"(anonymous_0)","decl":{"start":{"line":16,"column":32},"end":{"line":16,"column":33}},"loc":{"start":{"line":16,"column":51},"end":{"line":23,"column":1}},"line":16},"1":{"name":"getArticles","decl":{"start":{"line":29,"column":16},"end":{"line":29,"column":27}},"loc":{"start":{"line":29,"column":44},"end":{"line":36,"column":1}},"line":29}},"branchMap":{"0":{"loc":{"start":{"line":17,"column":2},"end":{"line":17,"column":18}},"type":"if","locations":[{"start":{"line":17,"column":2},"end":{"line":17,"column":18}},{"start":{"line":17,"column":2},"end":{"line":17,"column":18}}],"line":17}},"s":{"0":3,"1":3,"2":3,"3":1,"4":0,"5":1,"6":1,"7":1},"f":{"0":1,"1":1},"b":{"0":[0,1]},"_coverageSchema":"332fd63041d2c1bcb487cc26dd0d5f7d97098a6c","hash":"35b333abe8a9217bb4bbd43d8cb2ec45d70d3684"}
,"/Users/andeladeveloper/Documents/Andela/headlines-nfa/src/js/actions/AuthenticationAction.js": {"path":"/Users/andeladeveloper/Documents/Andela/headlines-nfa/src/js/actions/AuthenticationAction.js","statementMap":{"0":{"start":{"line":10,"column":21},"end":{"line":10,"column":54}},"1":{"start":{"line":11,"column":15},"end":{"line":11,"column":37}},"2":{"start":{"line":12,"column":2},"end":{"line":15,"column":5}},"3":{"start":{"line":23,"column":2},"end":{"line":23,"column":30}},"4":{"start":{"line":24,"column":2},"end":{"line":26,"column":5}}},"fnMap":{"0":{"name":"isLoggin","decl":{"start":{"line":9,"column":16},"end":{"line":9,"column":24}},"loc":{"start":{"line":9,"column":27},"end":{"line":16,"column":1}},"line":9},"1":{"name":"logout","decl":{"start":{"line":22,"column":16},"end":{"line":22,"column":22}},"loc":{"start":{"line":22,"column":25},"end":{"line":27,"column":1}},"line":22}},"branchMap":{"0":{"loc":{"start":{"line":10,"column":21},"end":{"line":10,"column":54}},"type":"binary-expr","locations":[{"start":{"line":10,"column":21},"end":{"line":10,"column":45}},{"start":{"line":10,"column":49},"end":{"line":10,"column":54}}],"line":10}},"s":{"0":2,"1":2,"2":2,"3":0,"4":0},"f":{"0":2,"1":0},"b":{"0":[2,0]},"_coverageSchema":"332fd63041d2c1bcb487cc26dd0d5f7d97098a6c","hash":"f50b6795e2b8de4e45020203c42b49c811530fb1"}
,"/Users/andeladeveloper/Documents/Andela/headlines-nfa/src/js/actions/SortActions.js": {"path":"/Users/andeladeveloper/Documents/Andela/headlines-nfa/src/js/actions/SortActions.js","statementMap":{"0":{"start":{"line":5,"column":12},"end":{"line":5,"column":45}},"1":{"start":{"line":6,"column":12},"end":{"line":6,"column":46}},"2":{"start":{"line":12,"column":29},"end":{"line":19,"column":1}},"3":{"start":{"line":13,"column":2},"end":{"line":13,"column":18}},"4":{"start":{"line":13,"column":11},"end":{"line":13,"column":18}},"5":{"start":{"line":14,"column":17},"end":{"line":14,"column":42}},"6":{"start":{"line":15,"column":2},"end":{"line":18,"column":5}},"7":{"start":{"line":26,"column":2},"end":{"line":29,"column":24}}},"fnMap":{"0":{"name":"(anonymous_0)","decl":{"start":{"line":12,"column":29},"end":{"line":12,"column":30}},"loc":{"start":{"line":12,"column":48},"end":{"line":19,"column":1}},"line":12},"1":{"name":"getSorts","decl":{"start":{"line":25,"column":16},"end":{"line":25,"column":24}},"loc":{"start":{"line":25,"column":33},"end":{"line":30,"column":1}},"line":25}},"branchMap":{"0":{"loc":{"start":{"line":13,"column":2},"end":{"line":13,"column":18}},"type":"if","locations":[{"start":{"line":13,"column":2},"end":{"line":13,"column":18}},{"start":{"line":13,"column":2},"end":{"line":13,"column":18}}],"line":13}},"s":{"0":3,"1":3,"2":3,"3":1,"4":0,"5":1,"6":1,"7":1},"f":{"0":1,"1":1},"b":{"0":[0,1]},"_coverageSchema":"332fd63041d2c1bcb487cc26dd0d5f7d97098a6c","hash":"69378974e6188cde650cfd4100cf5d97c3d875ca"}
,"/Users/andeladeveloper/Documents/Andela/headlines-nfa/src/js/actions/SourcesActions.js": {"path":"/Users/andeladeveloper/Documents/Andela/headlines-nfa/src/js/actions/SourcesActions.js","statementMap":{"0":{"start":{"line":12,"column":31},"end":{"line":19,"column":1}},"1":{"start":{"line":13,"column":2},"end":{"line":13,"column":18}},"2":{"start":{"line":13,"column":11},"end":{"line":13,"column":18}},"3":{"start":{"line":14,"column":17},"end":{"line":14,"column":42}},"4":{"start":{"line":15,"column":2},"end":{"line":18,"column":5}},"5":{"start":{"line":26,"column":2},"end":{"line":28,"column":26}}},"fnMap":{"0":{"name":"(anonymous_0)","decl":{"start":{"line":12,"column":31},"end":{"line":12,"column":32}},"loc":{"start":{"line":12,"column":50},"end":{"line":19,"column":1}},"line":12},"1":{"name":"getSources","decl":{"start":{"line":25,"column":16},"end":{"line":25,"column":26}},"loc":{"start":{"line":25,"column":29},"end":{"line":29,"column":1}},"line":25}},"branchMap":{"0":{"loc":{"start":{"line":13,"column":2},"end":{"line":13,"column":18}},"type":"if","locations":[{"start":{"line":13,"column":2},"end":{"line":13,"column":18}},{"start":{"line":13,"column":2},"end":{"line":13,"column":18}}],"line":13}},"s":{"0":3,"1":2,"2":0,"3":2,"4":2,"5":2},"f":{"0":2,"1":2},"b":{"0":[0,2]},"_coverageSchema":"332fd63041d2c1bcb487cc26dd0d5f7d97098a6c","hash":"40cc4c484d5d047374df60ed67e5560155b2eb34"}
,"/Users/andeladeveloper/Documents/Andela/headlines-nfa/src/js/components/layout/Footer.jsx": {"path":"/Users/andeladeveloper/Documents/Andela/headlines-nfa/src/js/components/layout/Footer.jsx","statementMap":{"0":{"start":{"line":7,"column":4},"end":{"line":13,"column":6}}},"fnMap":{"0":{"name":"(anonymous_0)","decl":{"start":{"line":6,"column":2},"end":{"line":6,"column":3}},"loc":{"start":{"line":6,"column":11},"end":{"line":14,"column":3}},"line":6}},"branchMap":{},"s":{"0":1},"f":{"0":1},"b":{},"_coverageSchema":"332fd63041d2c1bcb487cc26dd0d5f7d97098a6c","hash":"6d428dbd5f1db6e1cabf5d76861facc77a8e61a1"}
,"/Users/andeladeveloper/Documents/Andela/headlines-nfa/src/js/components/layout/Nav.jsx": {"path":"/Users/andeladeveloper/Documents/Andela/headlines-nfa/src/js/components/layout/Nav.jsx","statementMap":{"0":{"start":{"line":8,"column":16},"end":{"line":10,"column":2}},"1":{"start":{"line":17,"column":4},"end":{"line":17,"column":11}},"2":{"start":{"line":19,"column":4},"end":{"line":22,"column":6}},"3":{"start":{"line":23,"column":4},"end":{"line":23,"column":41}},"4":{"start":{"line":29,"column":22},"end":{"line":29,"column":43}},"5":{"start":{"line":30,"column":4},"end":{"line":30,"column":31}},"6":{"start":{"line":36,"column":4},"end":{"line":36,"column":13}},"7":{"start":{"line":37,"column":4},"end":{"line":37,"column":34}},"8":{"start":{"line":43,"column":25},"end":{"line":43,"column":35}},"9":{"start":{"line":44,"column":32},"end":{"line":44,"column":42}},"10":{"start":{"line":45,"column":22},"end":{"line":46,"column":48}},"11":{"start":{"line":47,"column":23},"end":{"line":48,"column":58}},"12":{"start":{"line":49,"column":26},"end":{"line":50,"column":61}},"13":{"start":{"line":52,"column":21},"end":{"line":52,"column":48}},"14":{"start":{"line":54,"column":4},"end":{"line":86,"column":6}}},"fnMap":{"0":{"name":"(anonymous_0)","decl":{"start":{"line":16,"column":2},"end":{"line":16,"column":3}},"loc":{"start":{"line":16,"column":16},"end":{"line":24,"column":3}},"line":16},"1":{"name":"(anonymous_1)","decl":{"start":{"line":28,"column":2},"end":{"line":28,"column":3}},"loc":{"start":{"line":28,"column":19},"end":{"line":31,"column":3}},"line":28},"2":{"name":"(anonymous_2)","decl":{"start":{"line":35,"column":2},"end":{"line":35,"column":3}},"loc":{"start":{"line":35,"column":10},"end":{"line":38,"column":3}},"line":35},"3":{"name":"(anonymous_3)","decl":{"start":{"line":42,"column":2},"end":{"line":42,"column":3}},"loc":{"start":{"line":42,"column":11},"end":{"line":87,"column":3}},"line":42}},"branchMap":{"0":{"loc":{"start":{"line":45,"column":22},"end":{"line":46,"column":48}},"type":"cond-expr","locations":[{"start":{"line":46,"column":35},"end":{"line":46,"column":43}},{"start":{"line":46,"column":46},"end":{"line":46,"column":48}}],"line":45},"1":{"loc":{"start":{"line":45,"column":22},"end":{"line":46,"column":32}},"type":"binary-expr","locations":[{"start":{"line":45,"column":22},"end":{"line":45,"column":30}},{"start":{"line":46,"column":7},"end":{"line":46,"column":32}}],"line":45},"2":{"loc":{"start":{"line":47,"column":23},"end":{"line":48,"column":58}},"type":"cond-expr","locations":[{"start":{"line":48,"column":45},"end":{"line":48,"column":53}},{"start":{"line":48,"column":56},"end":{"line":48,"column":58}}],"line":47},"3":{"loc":{"start":{"line":47,"column":23},"end":{"line":48,"column":42}},"type":"binary-expr","locations":[{"start":{"line":47,"column":23},"end":{"line":47,"column":31}},{"start":{"line":47,"column":35},"end":{"line":47,"column":52}},{"start":{"line":48,"column":7},"end":{"line":48,"column":42}}],"line":47},"4":{"loc":{"start":{"line":49,"column":26},"end":{"line":50,"column":61}},"type":"cond-expr","locations":[{"start":{"line":50,"column":48},"end":{"line":50,"column":56}},{"start":{"line":50,"column":59},"end":{"line":50,"column":61}}],"line":49},"5":{"loc":{"start":{"line":49,"column":26},"end":{"line":50,"column":45}},"type":"binary-expr","locations":[{"start":{"line":49,"column":26},"end":{"line":49,"column":34}},{"start":{"line":49,"column":38},"end":{"line":49,"column":55}},{"start":{"line":50,"column":7},"end":{"line":50,"column":45}}],"line":49},"6":{"loc":{"start":{"line":52,"column":21},"end":{"line":52,"column":48}},"type":"cond-expr","locations":[{"start":{"line":52,"column":33},"end":{"line":52,"column":43}},{"start":{"line":52,"column":46},"end":{"line":52,"column":48}}],"line":52}},"s":{"0":2,"1":2,"2":2,"3":2,"4":0,"5":0,"6":0,"7":0,"8":2,"9":2,"10":2,"11":2,"12":2,"13":2,"14":2},"f":{"0":2,"1":0,"2":0,"3":2},"b":{"0":[0,2],"1":[2,0],"2":[0,2],"3":[2,0,0],"4":[0,2],"5":[2,0,0],"6":[2,0]},"_coverageSchema":"332fd63041d2c1bcb487cc26dd0d5f7d97098a6c","hash":"3a7e158202b8f8098ff4f099996829ba0ffc74a7"}
,"/Users/andeladeveloper/Documents/Andela/headlines-nfa/src/js/components/pages/Articles.jsx": {"path":"/Users/andeladeveloper/Documents/Andela/headlines-nfa/src/js/components/pages/Articles.jsx","statementMap":{"0":{"start":{"line":16,"column":4},"end":{"line":16,"column":12}},"1":{"start":{"line":17,"column":4},"end":{"line":20,"column":6}},"2":{"start":{"line":21,"column":4},"end":{"line":21,"column":51}},"3":{"start":{"line":30,"column":4},"end":{"line":30,"column":35}},"4":{"start":{"line":30,"column":28},"end":{"line":30,"column":35}},"5":{"start":{"line":31,"column":4},"end":{"line":31,"column":36}},"6":{"start":{"line":31,"column":29},"end":{"line":31,"column":36}},"7":{"start":{"line":32,"column":4},"end":{"line":32,"column":50}},"8":{"start":{"line":33,"column":4},"end":{"line":33,"column":54}},"9":{"start":{"line":42,"column":4},"end":{"line":42,"column":55}},"10":{"start":{"line":49,"column":4},"end":{"line":51,"column":7}},"11":{"start":{"line":58,"column":4},"end":{"line":61,"column":8}},"12":{"start":{"line":68,"column":16},"end":{"line":70,"column":39}},"13":{"start":{"line":71,"column":4},"end":{"line":71,"column":38}},"14":{"start":{"line":72,"column":21},"end":{"line":72,"column":40}},"15":{"start":{"line":73,"column":16},"end":{"line":75,"column":34}},"16":{"start":{"line":76,"column":10},"end":{"line":76,"column":11}},"17":{"start":{"line":77,"column":4},"end":{"line":114,"column":5}},"18":{"start":{"line":86,"column":14},"end":{"line":86,"column":69}},"19":{"start":{"line":95,"column":12},"end":{"line":110,"column":13}}},"fnMap":{"0":{"name":"(anonymous_0)","decl":{"start":{"line":15,"column":2},"end":{"line":15,"column":3}},"loc":{"start":{"line":15,"column":16},"end":{"line":22,"column":3}},"line":15},"1":{"name":"(anonymous_1)","decl":{"start":{"line":29,"column":2},"end":{"line":29,"column":3}},"loc":{"start":{"line":29,"column":22},"end":{"line":34,"column":3}},"line":29},"2":{"name":"(anonymous_2)","decl":{"start":{"line":41,"column":2},"end":{"line":41,"column":3}},"loc":{"start":{"line":41,"column":25},"end":{"line":43,"column":3}},"line":41},"3":{"name":"(anonymous_3)","decl":{"start":{"line":48,"column":2},"end":{"line":48,"column":3}},"loc":{"start":{"line":48,"column":16},"end":{"line":52,"column":3}},"line":48},"4":{"name":"(anonymous_4)","decl":{"start":{"line":57,"column":2},"end":{"line":57,"column":3}},"loc":{"start":{"line":57,"column":22},"end":{"line":62,"column":3}},"line":57},"5":{"name":"(anonymous_5)","decl":{"start":{"line":67,"column":2},"end":{"line":67,"column":3}},"loc":{"start":{"line":67,"column":11},"end":{"line":115,"column":3}},"line":67},"6":{"name":"(anonymous_6)","decl":{"start":{"line":85,"column":32},"end":{"line":85,"column":33}},"loc":{"start":{"line":85,"column":55},"end":{"line":87,"column":13}},"line":85},"7":{"name":"(anonymous_7)","decl":{"start":{"line":94,"column":36},"end":{"line":94,"column":37}},"loc":{"start":{"line":94,"column":56},"end":{"line":111,"column":11}},"line":94}},"branchMap":{"0":{"loc":{"start":{"line":30,"column":4},"end":{"line":30,"column":35}},"type":"if","locations":[{"start":{"line":30,"column":4},"end":{"line":30,"column":35}},{"start":{"line":30,"column":4},"end":{"line":30,"column":35}}],"line":30},"1":{"loc":{"start":{"line":31,"column":4},"end":{"line":31,"column":36}},"type":"if","locations":[{"start":{"line":31,"column":4},"end":{"line":31,"column":36}},{"start":{"line":31,"column":4},"end":{"line":31,"column":36}}],"line":31},"2":{"loc":{"start":{"line":68,"column":16},"end":{"line":70,"column":39}},"type":"binary-expr","locations":[{"start":{"line":68,"column":16},"end":{"line":68,"column":26}},{"start":{"line":69,"column":9},"end":{"line":69,"column":28}},{"start":{"line":70,"column":9},"end":{"line":70,"column":39}}],"line":68},"3":{"loc":{"start":{"line":71,"column":12},"end":{"line":71,"column":37}},"type":"binary-expr","locations":[{"start":{"line":71,"column":12},"end":{"line":71,"column":17}},{"start":{"line":71,"column":21},"end":{"line":71,"column":37}}],"line":71},"4":{"loc":{"start":{"line":73,"column":16},"end":{"line":75,"column":34}},"type":"binary-expr","locations":[{"start":{"line":73,"column":16},"end":{"line":73,"column":26}},{"start":{"line":74,"column":9},"end":{"line":74,"column":26}},{"start":{"line":75,"column":9},"end":{"line":75,"column":34}}],"line":73},"5":{"loc":{"start":{"line":85,"column":13},"end":{"line":87,"column":14}},"type":"binary-expr","locations":[{"start":{"line":85,"column":13},"end":{"line":85,"column":18}},{"start":{"line":85,"column":22},"end":{"line":87,"column":14}}],"line":85},"6":{"loc":{"start":{"line":94,"column":11},"end":{"line":111,"column":12}},"type":"binary-expr","locations":[{"start":{"line":94,"column":11},"end":{"line":94,"column":19}},{"start":{"line":94,"column":23},"end":{"line":111,"column":12}}],"line":94}},"s":{"0":2,"1":2,"2":2,"3":2,"4":2,"5":0,"6":0,"7":0,"8":0,"9":0,"10":0,"11":0,"12":2,"13":2,"14":2,"15":2,"16":2,"17":2,"18":0,"19":0},"f":{"0":2,"1":2,"2":0,"3":0,"4":0,"5":2,"6":0,"7":0},"b":{"0":[2,0],"1":[0,0],"2":[2,2,0],"3":[2,0],"4":[2,2,0],"5":[2,0],"6":[2,2]},"_coverageSchema":"332fd63041d2c1bcb487cc26dd0d5f7d97098a6c","hash":"7d6036193cd9879c344423aef9aad830b449ff90"}
,"/Users/andeladeveloper/Documents/Andela/headlines-nfa/src/js/components/pages/Layout.jsx": {"path":"/Users/andeladeveloper/Documents/Andela/headlines-nfa/src/js/components/pages/Layout.jsx","statementMap":{"0":{"start":{"line":11,"column":19},"end":{"line":11,"column":43}},"1":{"start":{"line":12,"column":16},"end":{"line":14,"column":2}},"2":{"start":{"line":21,"column":4},"end":{"line":21,"column":17}},"3":{"start":{"line":22,"column":4},"end":{"line":22,"column":39}},"4":{"start":{"line":23,"column":4},"end":{"line":23,"column":34}},"5":{"start":{"line":33,"column":4},"end":{"line":33,"column":54}},"6":{"start":{"line":41,"column":4},"end":{"line":41,"column":56}},"7":{"start":{"line":48,"column":4},"end":{"line":48,"column":35}},"8":{"start":{"line":55,"column":4},"end":{"line":57,"column":5}},"9":{"start":{"line":64,"column":23},"end":{"line":64,"column":33}},"10":{"start":{"line":65,"column":25},"end":{"line":67,"column":3}},"11":{"start":{"line":69,"column":6},"end":{"line":85,"column":12}}},"fnMap":{"0":{"name":"(anonymous_0)","decl":{"start":{"line":20,"column":2},"end":{"line":20,"column":3}},"loc":{"start":{"line":20,"column":21},"end":{"line":25,"column":3}},"line":20},"1":{"name":"(anonymous_1)","decl":{"start":{"line":32,"column":2},"end":{"line":32,"column":3}},"loc":{"start":{"line":32,"column":22},"end":{"line":34,"column":3}},"line":32},"2":{"name":"(anonymous_2)","decl":{"start":{"line":40,"column":2},"end":{"line":40,"column":3}},"loc":{"start":{"line":40,"column":25},"end":{"line":42,"column":3}},"line":40},"3":{"name":"(anonymous_3)","decl":{"start":{"line":47,"column":2},"end":{"line":47,"column":3}},"loc":{"start":{"line":47,"column":10},"end":{"line":49,"column":3}},"line":47},"4":{"name":"(anonymous_4)","decl":{"start":{"line":54,"column":2},"end":{"line":54,"column":3}},"loc":{"start":{"line":54,"column":14},"end":{"line":58,"column":3}},"line":54},"5":{"name":"(anonymous_5)","decl":{"start":{"line":63,"column":0},"end":{"line":63,"column":1}},"loc":{"start":{"line":63,"column":9},"end":{"line":86,"column":3}},"line":63}},"branchMap":{},"s":{"0":1,"1":1,"2":1,"3":1,"4":1,"5":0,"6":0,"7":0,"8":1,"9":1,"10":1,"11":1},"f":{"0":1,"1":0,"2":0,"3":0,"4":1,"5":1},"b":{},"_coverageSchema":"332fd63041d2c1bcb487cc26dd0d5f7d97098a6c","hash":"8f6bbea831df828e3e6eaf7dab35d6e962e1055c"}
,"/Users/andeladeveloper/Documents/Andela/headlines-nfa/src/js/components/pages/Login.jsx": {"path":"/Users/andeladeveloper/Documents/Andela/headlines-nfa/src/js/components/pages/Login.jsx","statementMap":{"0":{"start":{"line":13,"column":30},"end":{"line":23,"column":1}},"1":{"start":{"line":14,"column":34},"end":{"line":14,"column":53}},"2":{"start":{"line":15,"column":21},"end":{"line":19,"column":3}},"3":{"start":{"line":20,"column":2},"end":{"line":20,"column":60}},"4":{"start":{"line":21,"column":2},"end":{"line":21,"column":13}},"5":{"start":{"line":22,"column":2},"end":{"line":22,"column":27}},"6":{"start":{"line":25,"column":14},"end":{"line":60,"column":3}},"7":{"start":{"line":26,"column":4},"end":{"line":59,"column":10}}},"fnMap":{"0":{"name":"(anonymous_0)","decl":{"start":{"line":13,"column":30},"end":{"line":13,"column":31}},"loc":{"start":{"line":13,"column":44},"end":{"line":23,"column":1}},"line":13},"1":{"name":"(anonymous_1)","decl":{"start":{"line":25,"column":14},"end":{"line":25,"column":15}},"loc":{"start":{"line":26,"column":4},"end":{"line":59,"column":10}},"line":26}},"branchMap":{},"s":{"0":2,"1":2,"2":2,"3":2,"4":2,"5":2,"6":2,"7":3},"f":{"0":2,"1":3},"b":{},"_coverageSchema":"332fd63041d2c1bcb487cc26dd0d5f7d97098a6c","hash":"a7691ac4f2d4d89f441feecc9b14c5ede61e14ae"}
,"/Users/andeladeveloper/Documents/Andela/headlines-nfa/src/js/components/pages/NewsSources.jsx": {"path":"/Users/andeladeveloper/Documents/Andela/headlines-nfa/src/js/components/pages/NewsSources.jsx","statementMap":{"0":{"start":{"line":16,"column":4},"end":{"line":16,"column":12}},"1":{"start":{"line":17,"column":4},"end":{"line":20,"column":6}},"2":{"start":{"line":21,"column":4},"end":{"line":21,"column":49}},"3":{"start":{"line":29,"column":4},"end":{"line":29,"column":17}},"4":{"start":{"line":30,"column":4},"end":{"line":30,"column":51}},"5":{"start":{"line":39,"column":4},"end":{"line":39,"column":54}},"6":{"start":{"line":47,"column":4},"end":{"line":49,"column":7}},"7":{"start":{"line":56,"column":4},"end":{"line":56,"column":49}},"8":{"start":{"line":63,"column":24},"end":{"line":63,"column":34}},"9":{"start":{"line":64,"column":28},"end":{"line":67,"column":55}},"10":{"start":{"line":65,"column":24},"end":{"line":67,"column":54}},"11":{"start":{"line":69,"column":4},"end":{"line":106,"column":5}},"12":{"start":{"line":84,"column":12},"end":{"line":100,"column":18}}},"fnMap":{"0":{"name":"(anonymous_0)","decl":{"start":{"line":15,"column":2},"end":{"line":15,"column":3}},"loc":{"start":{"line":15,"column":16},"end":{"line":22,"column":3}},"line":15},"1":{"name":"(anonymous_1)","decl":{"start":{"line":28,"column":2},"end":{"line":28,"column":3}},"loc":{"start":{"line":28,"column":22},"end":{"line":31,"column":3}},"line":28},"2":{"name":"(anonymous_2)","decl":{"start":{"line":38,"column":2},"end":{"line":38,"column":3}},"loc":{"start":{"line":38,"column":25},"end":{"line":40,"column":3}},"line":38},"3":{"name":"(anonymous_3)","decl":{"start":{"line":46,"column":2},"end":{"line":46,"column":3}},"loc":{"start":{"line":46,"column":15},"end":{"line":50,"column":3}},"line":46},"4":{"name":"(anonymous_4)","decl":{"start":{"line":55,"column":2},"end":{"line":55,"column":3}},"loc":{"start":{"line":55,"column":22},"end":{"line":57,"column":3}},"line":55},"5":{"name":"(anonymous_5)","decl":{"start":{"line":62,"column":2},"end":{"line":62,"column":3}},"loc":{"start":{"line":62,"column":11},"end":{"line":107,"column":3}},"line":62},"6":{"name":"(anonymous_6)","decl":{"start":{"line":65,"column":14},"end":{"line":65,"column":15}},"loc":{"start":{"line":65,"column":24},"end":{"line":67,"column":54}},"line":65},"7":{"name":"(anonymous_7)","decl":{"start":{"line":83,"column":31},"end":{"line":83,"column":32}},"loc":{"start":{"line":83,"column":41},"end":{"line":101,"column":11}},"line":83}},"branchMap":{},"s":{"0":2,"1":2,"2":2,"3":1,"4":1,"5":0,"6":1,"7":0,"8":3,"9":3,"10":70,"11":3,"12":70},"f":{"0":2,"1":1,"2":0,"3":1,"4":0,"5":3,"6":70,"7":70},"b":{},"_coverageSchema":"332fd63041d2c1bcb487cc26dd0d5f7d97098a6c","hash":"29f374e2f110c8af8d43e73dda6071780d00c117"}
,"/Users/andeladeveloper/Documents/Andela/headlines-nfa/src/js/stores/ArticlesStore.js": {"path":"/Users/andeladeveloper/Documents/Andela/headlines-nfa/src/js/stores/ArticlesStore.js","statementMap":{"0":{"start":{"line":16,"column":4},"end":{"line":16,"column":12}},"1":{"start":{"line":17,"column":4},"end":{"line":17,"column":23}},"2":{"start":{"line":18,"column":4},"end":{"line":18,"column":21}},"3":{"start":{"line":19,"column":4},"end":{"line":19,"column":21}},"4":{"start":{"line":26,"column":4},"end":{"line":26,"column":25}},"5":{"start":{"line":33,"column":4},"end":{"line":33,"column":24}},"6":{"start":{"line":42,"column":4},"end":{"line":42,"column":32}},"7":{"start":{"line":51,"column":4},"end":{"line":51,"column":44}},"8":{"start":{"line":54,"column":22},"end":{"line":54,"column":40}},"9":{"start":{"line":55,"column":0},"end":{"line":67,"column":3}},"10":{"start":{"line":56,"column":2},"end":{"line":66,"column":3}},"11":{"start":{"line":58,"column":6},"end":{"line":58,"column":78}},"12":{"start":{"line":58,"column":45},"end":{"line":58,"column":78}},"13":{"start":{"line":59,"column":6},"end":{"line":59,"column":89}},"14":{"start":{"line":60,"column":6},"end":{"line":60,"column":53}},"15":{"start":{"line":61,"column":6},"end":{"line":61,"column":53}},"16":{"start":{"line":62,"column":6},"end":{"line":62,"column":33}},"17":{"start":{"line":63,"column":6},"end":{"line":63,"column":12}},"18":{"start":{"line":65,"column":6},"end":{"line":65,"column":12}}},"fnMap":{"0":{"name":"(anonymous_0)","decl":{"start":{"line":15,"column":2},"end":{"line":15,"column":3}},"loc":{"start":{"line":15,"column":16},"end":{"line":20,"column":3}},"line":15},"1":{"name":"(anonymous_1)","decl":{"start":{"line":25,"column":2},"end":{"line":25,"column":3}},"loc":{"start":{"line":25,"column":11},"end":{"line":27,"column":3}},"line":25},"2":{"name":"(anonymous_2)","decl":{"start":{"line":32,"column":2},"end":{"line":32,"column":3}},"loc":{"start":{"line":32,"column":15},"end":{"line":34,"column":3}},"line":32},"3":{"name":"(anonymous_3)","decl":{"start":{"line":41,"column":2},"end":{"line":41,"column":3}},"loc":{"start":{"line":41,"column":30},"end":{"line":43,"column":3}},"line":41},"4":{"name":"(anonymous_4)","decl":{"start":{"line":50,"column":2},"end":{"line":50,"column":3}},"loc":{"start":{"line":50,"column":33},"end":{"line":52,"column":3}},"line":50},"5":{"name":"(anonymous_5)","decl":{"start":{"line":55,"column":23},"end":{"line":55,"column":24}},"loc":{"start":{"line":55,"column":36},"end":{"line":67,"column":1}},"line":55}},"branchMap":{"0":{"loc":{"start":{"line":56,"column":2},"end":{"line":66,"column":3}},"type":"switch","locations":[{"start":{"line":57,"column":4},"end":{"line":63,"column":12}},{"start":{"line":64,"column":4},"end":{"line":65,"column":12}}],"line":56},"1":{"loc":{"start":{"line":58,"column":6},"end":{"line":58,"column":78}},"type":"if","locations":[{"start":{"line":58,"column":6},"end":{"line":58,"column":78}},{"start":{"line":58,"column":6},"end":{"line":58,"column":78}}],"line":58}},"s":{"0":3,"1":3,"2":3,"3":3,"4":4,"5":1,"6":1,"7":1,"8":3,"9":3,"10":2,"11":0,"12":0,"13":0,"14":0,"15":0,"16":0,"17":0,"18":2},"f":{"0":3,"1":4,"2":1,"3":1,"4":1,"5":2},"b":{"0":[0,2],"1":[0,0]},"_coverageSchema":"332fd63041d2c1bcb487cc26dd0d5f7d97098a6c","hash":"837a4ecf5587955347961e264d260671c46f2b7f"}
,"/Users/andeladeveloper/Documents/Andela/headlines-nfa/src/js/stores/AuthenticationStore.js": {"path":"/Users/andeladeveloper/Documents/Andela/headlines-nfa/src/js/stores/AuthenticationStore.js","statementMap":{"0":{"start":{"line":30,"column":4},"end":{"line":30,"column":12}},"1":{"start":{"line":31,"column":4},"end":{"line":33,"column":6}},"2":{"start":{"line":40,"column":4},"end":{"line":40,"column":21}},"3":{"start":{"line":47,"column":4},"end":{"line":47,"column":24}},"4":{"start":{"line":56,"column":4},"end":{"line":56,"column":32}},"5":{"start":{"line":65,"column":4},"end":{"line":65,"column":44}},"6":{"start":{"line":75,"column":28},"end":{"line":75,"column":48}},"7":{"start":{"line":76,"column":0},"end":{"line":97,"column":3}},"8":{"start":{"line":77,"column":2},"end":{"line":95,"column":3}},"9":{"start":{"line":79,"column":6},"end":{"line":82,"column":8}},"10":{"start":{"line":83,"column":6},"end":{"line":83,"column":39}},"11":{"start":{"line":84,"column":6},"end":{"line":84,"column":12}},"12":{"start":{"line":88,"column":6},"end":{"line":90,"column":8}},"13":{"start":{"line":91,"column":6},"end":{"line":91,"column":39}},"14":{"start":{"line":92,"column":6},"end":{"line":92,"column":12}},"15":{"start":{"line":94,"column":6},"end":{"line":94,"column":12}},"16":{"start":{"line":96,"column":2},"end":{"line":96,"column":14}}},"fnMap":{"0":{"name":"(anonymous_0)","decl":{"start":{"line":29,"column":2},"end":{"line":29,"column":3}},"loc":{"start":{"line":29,"column":16},"end":{"line":34,"column":3}},"line":29},"1":{"name":"(anonymous_1)","decl":{"start":{"line":39,"column":2},"end":{"line":39,"column":3}},"loc":{"start":{"line":39,"column":12},"end":{"line":41,"column":3}},"line":39},"2":{"name":"(anonymous_2)","decl":{"start":{"line":46,"column":2},"end":{"line":46,"column":3}},"loc":{"start":{"line":46,"column":15},"end":{"line":48,"column":3}},"line":46},"3":{"name":"(anonymous_3)","decl":{"start":{"line":55,"column":2},"end":{"line":55,"column":3}},"loc":{"start":{"line":55,"column":30},"end":{"line":57,"column":3}},"line":55},"4":{"name":"(anonymous_4)","decl":{"start":{"line":64,"column":2},"end":{"line":64,"column":3}},"loc":{"start":{"line":64,"column":33},"end":{"line":66,"column":3}},"line":64},"5":{"name":"(anonymous_5)","decl":{"start":{"line":76,"column":23},"end":{"line":76,"column":24}},"loc":{"start":{"line":76,"column":36},"end":{"line":97,"column":1}},"line":76}},"branchMap":{"0":{"loc":{"start":{"line":77,"column":2},"end":{"line":95,"column":3}},"type":"switch","locations":[{"start":{"line":78,"column":4},"end":{"line":84,"column":12}},{"start":{"line":86,"column":4},"end":{"line":92,"column":12}},{"start":{"line":93,"column":4},"end":{"line":94,"column":12}}],"line":77}},"s":{"0":3,"1":3,"2":1,"3":3,"4":1,"5":1,"6":3,"7":3,"8":2,"9":2,"10":2,"11":2,"12":0,"13":0,"14":0,"15":0,"16":2},"f":{"0":3,"1":1,"2":3,"3":1,"4":1,"5":2},"b":{"0":[2,0,0]},"_coverageSchema":"332fd63041d2c1bcb487cc26dd0d5f7d97098a6c","hash":"e6cb17b0038d49fadd013fe1058a0db5532f49ef"}
,"/Users/andeladeveloper/Documents/Andela/headlines-nfa/src/js/stores/SortStore.js": {"path":"/Users/andeladeveloper/Documents/Andela/headlines-nfa/src/js/stores/SortStore.js","statementMap":{"0":{"start":{"line":16,"column":4},"end":{"line":16,"column":12}},"1":{"start":{"line":17,"column":4},"end":{"line":17,"column":23}},"2":{"start":{"line":18,"column":4},"end":{"line":18,"column":21}},"3":{"start":{"line":19,"column":4},"end":{"line":19,"column":21}},"4":{"start":{"line":26,"column":4},"end":{"line":26,"column":25}},"5":{"start":{"line":33,"column":4},"end":{"line":33,"column":24}},"6":{"start":{"line":42,"column":4},"end":{"line":42,"column":32}},"7":{"start":{"line":51,"column":4},"end":{"line":51,"column":44}},"8":{"start":{"line":55,"column":18},"end":{"line":55,"column":34}},"9":{"start":{"line":57,"column":0},"end":{"line":69,"column":3}},"10":{"start":{"line":58,"column":2},"end":{"line":68,"column":3}},"11":{"start":{"line":60,"column":6},"end":{"line":60,"column":70}},"12":{"start":{"line":60,"column":41},"end":{"line":60,"column":70}},"13":{"start":{"line":61,"column":6},"end":{"line":61,"column":81}},"14":{"start":{"line":62,"column":6},"end":{"line":62,"column":49}},"15":{"start":{"line":63,"column":6},"end":{"line":63,"column":49}},"16":{"start":{"line":64,"column":6},"end":{"line":64,"column":29}},"17":{"start":{"line":65,"column":6},"end":{"line":65,"column":12}},"18":{"start":{"line":67,"column":6},"end":{"line":67,"column":12}}},"fnMap":{"0":{"name":"(anonymous_0)","decl":{"start":{"line":15,"column":2},"end":{"line":15,"column":3}},"loc":{"start":{"line":15,"column":16},"end":{"line":20,"column":3}},"line":15},"1":{"name":"(anonymous_1)","decl":{"start":{"line":25,"column":2},"end":{"line":25,"column":3}},"loc":{"start":{"line":25,"column":11},"end":{"line":27,"column":3}},"line":25},"2":{"name":"(anonymous_2)","decl":{"start":{"line":32,"column":2},"end":{"line":32,"column":3}},"loc":{"start":{"line":32,"column":15},"end":{"line":34,"column":3}},"line":32},"3":{"name":"(anonymous_3)","decl":{"start":{"line":41,"column":2},"end":{"line":41,"column":3}},"loc":{"start":{"line":41,"column":30},"end":{"line":43,"column":3}},"line":41},"4":{"name":"(anonymous_4)","decl":{"start":{"line":50,"column":2},"end":{"line":50,"column":3}},"loc":{"start":{"line":50,"column":33},"end":{"line":52,"column":3}},"line":50},"5":{"name":"(anonymous_5)","decl":{"start":{"line":57,"column":23},"end":{"line":57,"column":24}},"loc":{"start":{"line":57,"column":36},"end":{"line":69,"column":1}},"line":57}},"branchMap":{"0":{"loc":{"start":{"line":58,"column":2},"end":{"line":68,"column":3}},"type":"switch","locations":[{"start":{"line":59,"column":4},"end":{"line":65,"column":12}},{"start":{"line":66,"column":4},"end":{"line":67,"column":12}}],"line":58},"1":{"loc":{"start":{"line":60,"column":6},"end":{"line":60,"column":70}},"type":"if","locations":[{"start":{"line":60,"column":6},"end":{"line":60,"column":70}},{"start":{"line":60,"column":6},"end":{"line":60,"column":70}}],"line":60}},"s":{"0":3,"1":3,"2":3,"3":3,"4":2,"5":1,"6":1,"7":1,"8":3,"9":3,"10":2,"11":0,"12":0,"13":0,"14":0,"15":0,"16":0,"17":0,"18":2},"f":{"0":3,"1":2,"2":1,"3":1,"4":1,"5":2},"b":{"0":[0,2],"1":[0,0]},"_coverageSchema":"332fd63041d2c1bcb487cc26dd0d5f7d97098a6c","hash":"77db8bcf66e7fba208fd6df65066221d52c46a39"}
,"/Users/andeladeveloper/Documents/Andela/headlines-nfa/src/js/stores/SourceStore.js": {"path":"/Users/andeladeveloper/Documents/Andela/headlines-nfa/src/js/stores/SourceStore.js","statementMap":{"0":{"start":{"line":16,"column":4},"end":{"line":16,"column":12}},"1":{"start":{"line":17,"column":4},"end":{"line":17,"column":22}},"2":{"start":{"line":24,"column":4},"end":{"line":24,"column":24}},"3":{"start":{"line":31,"column":4},"end":{"line":31,"column":24}},"4":{"start":{"line":40,"column":4},"end":{"line":40,"column":32}},"5":{"start":{"line":49,"column":4},"end":{"line":49,"column":44}},"6":{"start":{"line":52,"column":20},"end":{"line":52,"column":35}},"7":{"start":{"line":54,"column":0},"end":{"line":64,"column":3}},"8":{"start":{"line":55,"column":2},"end":{"line":62,"column":3}},"9":{"start":{"line":57,"column":6},"end":{"line":57,"column":42}},"10":{"start":{"line":58,"column":6},"end":{"line":58,"column":31}},"11":{"start":{"line":59,"column":6},"end":{"line":59,"column":12}},"12":{"start":{"line":61,"column":6},"end":{"line":61,"column":12}},"13":{"start":{"line":63,"column":2},"end":{"line":63,"column":14}}},"fnMap":{"0":{"name":"(anonymous_0)","decl":{"start":{"line":15,"column":2},"end":{"line":15,"column":3}},"loc":{"start":{"line":15,"column":16},"end":{"line":18,"column":3}},"line":15},"1":{"name":"(anonymous_1)","decl":{"start":{"line":23,"column":2},"end":{"line":23,"column":3}},"loc":{"start":{"line":23,"column":11},"end":{"line":25,"column":3}},"line":23},"2":{"name":"(anonymous_2)","decl":{"start":{"line":30,"column":2},"end":{"line":30,"column":3}},"loc":{"start":{"line":30,"column":15},"end":{"line":32,"column":3}},"line":30},"3":{"name":"(anonymous_3)","decl":{"start":{"line":39,"column":2},"end":{"line":39,"column":3}},"loc":{"start":{"line":39,"column":30},"end":{"line":41,"column":3}},"line":39},"4":{"name":"(anonymous_4)","decl":{"start":{"line":48,"column":2},"end":{"line":48,"column":3}},"loc":{"start":{"line":48,"column":33},"end":{"line":50,"column":3}},"line":48},"5":{"name":"(anonymous_5)","decl":{"start":{"line":54,"column":23},"end":{"line":54,"column":24}},"loc":{"start":{"line":54,"column":36},"end":{"line":64,"column":1}},"line":54}},"branchMap":{"0":{"loc":{"start":{"line":55,"column":2},"end":{"line":62,"column":3}},"type":"switch","locations":[{"start":{"line":56,"column":4},"end":{"line":59,"column":12}},{"start":{"line":60,"column":4},"end":{"line":61,"column":12}}],"line":55}},"s":{"0":2,"1":2,"2":5,"3":2,"4":2,"5":1,"6":2,"7":2,"8":2,"9":1,"10":1,"11":1,"12":1,"13":2},"f":{"0":2,"1":5,"2":2,"3":2,"4":1,"5":2},"b":{"0":[1,1]},"_coverageSchema":"332fd63041d2c1bcb487cc26dd0d5f7d97098a6c","hash":"e33ba0942845247f288c6834e09a5eb7cb8781e4"}
,"/Users/andeladeveloper/Documents/Andela/headlines-nfa/src/js/utils/AppConstants.js": {"path":"/Users/andeladeveloper/Documents/Andela/headlines-nfa/src/js/utils/AppConstants.js","statementMap":{"0":{"start":{"line":2,"column":23},"end":{"line":8,"column":1}},"1":{"start":{"line":10,"column":27},"end":{"line":13,"column":1}}},"fnMap":{},"branchMap":{},"s":{"0":12,"1":12},"f":{},"b":{},"_coverageSchema":"332fd63041d2c1bcb487cc26dd0d5f7d97098a6c","hash":"d6358a8b758f38225b8e23ea799533eff76835bb"}
,"/Users/andeladeveloper/Documents/Andela/headlines-nfa/src/js/utils/AppDispatcher.js": {"path":"/Users/andeladeveloper/Documents/Andela/headlines-nfa/src/js/utils/AppDispatcher.js","statementMap":{},"fnMap":{},"branchMap":{},"s":{},"f":{},"b":{},"_coverageSchema":"332fd63041d2c1bcb487cc26dd0d5f7d97098a6c","hash":"0880f1c3f3009c0b792fd36ad091d9a832f1ac6c"}
}
