TN:
SF:/Users/andeladeveloper/Documents/Andela/headlines-nfa/src/js/actions/ArticlesActions.js
FN:16,(anonymous_0)
FN:24,getArticles
FNF:2
FNH:2
FNDA:1,(anonymous_0)
FNDA:1,getArticles
DA:13,3
DA:14,3
DA:16,3
DA:17,1
DA:18,1
DA:19,1
DA:25,1
LF:7
LH:7
BRDA:17,0,0,0
BRDA:17,0,1,1
BRF:2
BRH:1
end_of_record
TN:
SF:/Users/andeladeveloper/Documents/Andela/headlines-nfa/src/js/actions/AuthenticationAction.js
FN:9,isLoggin
FN:22,logout
FNF:2
FNH:1
FNDA:2,isLoggin
FNDA:0,logout
DA:10,2
DA:11,2
DA:12,2
DA:23,0
DA:24,0
LF:5
LH:3
BRDA:10,0,0,2
BRDA:10,0,1,0
BRF:2
BRH:1
end_of_record
TN:
SF:/Users/andeladeveloper/Documents/Andela/headlines-nfa/src/js/actions/SortActions.js
FN:12,(anonymous_0)
FN:25,getSorts
FNF:2
FNH:2
FNDA:1,(anonymous_0)
FNDA:1,getSorts
DA:5,3
DA:6,3
DA:12,3
DA:13,1
DA:14,1
DA:15,1
DA:26,1
LF:7
LH:7
BRDA:13,0,0,0
BRDA:13,0,1,1
BRF:2
BRH:1
end_of_record
TN:
SF:/Users/andeladeveloper/Documents/Andela/headlines-nfa/src/js/actions/SourcesActions.js
FN:11,(anonymous_0)
FN:20,getSources
FNF:2
FNH:2
FNDA:2,(anonymous_0)
FNDA:2,getSources
DA:11,3
DA:12,2
DA:13,2
DA:14,2
DA:21,2
LF:5
LH:5
BRDA:12,0,0,0
BRDA:12,0,1,2
BRF:2
BRH:1
end_of_record
TN:
SF:/Users/andeladeveloper/Documents/Andela/headlines-nfa/src/js/components/layout/Footer.jsx
FN:7,(anonymous_0)
FNF:1
FNH:1
FNDA:1,(anonymous_0)
DA:8,1
LF:1
LH:1
BRF:0
BRH:0
end_of_record
TN:
SF:/Users/andeladeveloper/Documents/Andela/headlines-nfa/src/js/components/layout/Nav.jsx
FN:14,(anonymous_0)
FN:23,(anonymous_1)
FN:27,(anonymous_2)
FN:32,(anonymous_3)
FNF:4
FNH:2
FNDA:1,(anonymous_0)
FNDA:0,(anonymous_1)
FNDA:0,(anonymous_2)
FNDA:1,(anonymous_3)
DA:9,2
DA:15,1
DA:17,1
DA:21,1
DA:24,0
DA:25,0
DA:28,0
DA:29,0
DA:33,1
DA:34,1
DA:35,1
DA:36,1
DA:37,1
DA:39,1
DA:41,1
LF:15
LH:11
BRDA:35,0,0,0
BRDA:35,0,1,1
BRDA:35,1,0,1
BRDA:35,1,1,0
BRDA:36,2,0,0
BRDA:36,2,1,1
BRDA:36,3,0,1
BRDA:36,3,1,0
BRDA:36,3,2,0
BRDA:37,4,0,0
BRDA:37,4,1,1
BRDA:37,5,0,1
BRDA:37,5,1,0
BRDA:37,5,2,0
BRDA:39,6,0,1
BRDA:39,6,1,0
BRF:16
BRH:7
end_of_record
TN:
SF:/Users/andeladeveloper/Documents/Andela/headlines-nfa/src/js/components/pages/Articles.jsx
FN:10,(anonymous_0)
FN:19,(anonymous_1)
FN:25,(anonymous_2)
FN:28,(anonymous_3)
FN:33,(anonymous_4)
FN:36,(anonymous_5)
FN:53,(anonymous_6)
FN:62,(anonymous_7)
FNF:8
FNH:3
FNDA:2,(anonymous_0)
FNDA:2,(anonymous_1)
FNDA:0,(anonymous_2)
FNDA:0,(anonymous_3)
FNDA:0,(anonymous_4)
FNDA:2,(anonymous_5)
FNDA:0,(anonymous_6)
FNDA:0,(anonymous_7)
DA:11,2
DA:12,2
DA:16,2
DA:20,2
DA:21,0
DA:22,0
DA:23,0
DA:26,0
DA:29,0
DA:34,0
DA:37,2
DA:40,2
DA:41,2
DA:42,2
DA:45,2
DA:46,2
DA:54,0
DA:63,0
LF:18
LH:10
BRDA:20,0,0,2
BRDA:20,0,1,0
BRDA:21,1,0,0
BRDA:21,1,1,0
BRDA:37,2,0,2
BRDA:37,2,1,2
BRDA:37,2,2,0
BRDA:40,3,0,2
BRDA:40,3,1,0
BRDA:42,4,0,2
BRDA:42,4,1,2
BRDA:42,4,2,0
BRDA:53,5,0,2
BRDA:53,5,1,0
BRDA:62,6,0,2
BRDA:62,6,1,2
BRF:16
BRH:9
end_of_record
TN:
SF:/Users/andeladeveloper/Documents/Andela/headlines-nfa/src/js/components/pages/Layout.jsx
FN:15,(anonymous_0)
FN:22,(anonymous_1)
FN:25,(anonymous_2)
FN:28,(anonymous_3)
FN:32,(anonymous_4)
FN:37,(anonymous_5)
FNF:6
FNH:3
FNDA:1,(anonymous_0)
FNDA:0,(anonymous_1)
FNDA:0,(anonymous_2)
FNDA:0,(anonymous_3)
FNDA:1,(anonymous_4)
FNDA:1,(anonymous_5)
DA:10,1
DA:11,1
DA:16,1
DA:17,1
DA:18,1
DA:23,0
DA:26,0
DA:29,0
DA:33,1
DA:38,1
DA:39,1
DA:43,1
LF:12
LH:9
BRF:0
BRH:0
end_of_record
TN:
SF:/Users/andeladeveloper/Documents/Andela/headlines-nfa/src/js/components/pages/Login.jsx
FN:11,(anonymous_0)
FN:23,(anonymous_1)
FNF:2
FNH:2
FNDA:2,(anonymous_0)
FNDA:3,(anonymous_1)
DA:11,2
DA:12,2
DA:13,2
DA:18,2
DA:19,2
DA:20,2
DA:23,2
DA:24,3
LF:8
LH:8
BRF:0
BRH:0
end_of_record
TN:
SF:/Users/andeladeveloper/Documents/Andela/headlines-nfa/src/js/components/pages/NewsSources.jsx
FN:11,(anonymous_0)
FN:20,(anonymous_1)
FN:25,(anonymous_2)
FN:29,(anonymous_3)
FN:35,(anonymous_4)
FN:39,(anonymous_5)
FN:42,(anonymous_6)
FN:60,(anonymous_7)
FNF:8
FNH:6
FNDA:2,(anonymous_0)
FNDA:1,(anonymous_1)
FNDA:0,(anonymous_2)
FNDA:1,(anonymous_3)
FNDA:0,(anonymous_4)
FNDA:3,(anonymous_5)
FNDA:70,(anonymous_6)
FNDA:70,(anonymous_7)
DA:12,2
DA:13,2
DA:17,2
DA:21,1
DA:22,1
DA:26,0
DA:30,1
DA:36,0
DA:40,3
DA:41,3
DA:42,70
DA:46,3
DA:61,70
LF:13
LH:11
BRF:0
BRH:0
end_of_record
TN:
SF:/Users/andeladeveloper/Documents/Andela/headlines-nfa/src/js/stores/ArticlesStore.js
FN:15,(anonymous_0)
FN:25,(anonymous_1)
FN:32,(anonymous_2)
FN:41,(anonymous_3)
FN:50,(anonymous_4)
FN:55,(anonymous_5)
FNF:6
FNH:6
FNDA:3,(anonymous_0)
FNDA:4,(anonymous_1)
FNDA:1,(anonymous_2)
FNDA:1,(anonymous_3)
FNDA:1,(anonymous_4)
FNDA:2,(anonymous_5)
DA:16,3
DA:17,3
DA:18,3
DA:19,3
DA:26,4
DA:33,1
DA:42,1
DA:51,1
DA:54,3
DA:55,3
DA:56,2
DA:58,0
DA:59,0
DA:60,0
DA:61,0
DA:62,0
DA:63,0
DA:65,2
LF:18
LH:12
BRDA:56,0,0,0
BRDA:56,0,1,2
BRDA:58,1,0,0
BRDA:58,1,1,0
BRF:4
BRH:1
end_of_record
TN:
SF:/Users/andeladeveloper/Documents/Andela/headlines-nfa/src/js/stores/AuthenticationStore.js
FN:29,(anonymous_0)
FN:35,(anonymous_1)
FN:42,(anonymous_2)
FN:51,(anonymous_3)
FN:60,(anonymous_4)
FN:72,(anonymous_5)
FNF:6
FNH:6
FNDA:3,(anonymous_0)
FNDA:1,(anonymous_1)
FNDA:3,(anonymous_2)
FNDA:1,(anonymous_3)
FNDA:1,(anonymous_4)
FNDA:2,(anonymous_5)
DA:30,3
DA:31,3
DA:36,1
DA:43,3
DA:52,1
DA:61,1
DA:71,3
DA:72,3
DA:73,2
DA:75,2
DA:79,2
DA:80,2
DA:84,0
DA:87,0
DA:88,0
DA:90,0
DA:92,2
LF:17
LH:13
BRDA:73,0,0,2
BRDA:73,0,1,0
BRDA:73,0,2,0
BRF:3
BRH:1
end_of_record
TN:
SF:/Users/andeladeveloper/Documents/Andela/headlines-nfa/src/js/stores/SortStore.js
FN:15,(anonymous_0)
FN:25,(anonymous_1)
FN:32,(anonymous_2)
FN:41,(anonymous_3)
FN:50,(anonymous_4)
FN:57,(anonymous_5)
FNF:6
FNH:6
FNDA:3,(anonymous_0)
FNDA:2,(anonymous_1)
FNDA:1,(anonymous_2)
FNDA:1,(anonymous_3)
FNDA:1,(anonymous_4)
FNDA:2,(anonymous_5)
DA:16,3
DA:17,3
DA:18,3
DA:19,3
DA:26,2
DA:33,1
DA:42,1
DA:51,1
DA:55,3
DA:57,3
DA:58,2
DA:60,0
DA:61,0
DA:62,0
DA:63,0
DA:64,0
DA:65,0
DA:67,2
LF:18
LH:12
BRDA:58,0,0,0
BRDA:58,0,1,2
BRDA:60,1,0,0
BRDA:60,1,1,0
BRF:4
BRH:1
end_of_record
TN:
SF:/Users/andeladeveloper/Documents/Andela/headlines-nfa/src/js/stores/SourceStore.js
FN:15,(anonymous_0)
FN:23,(anonymous_1)
FN:30,(anonymous_2)
FN:39,(anonymous_3)
FN:48,(anonymous_4)
FN:54,(anonymous_5)
FNF:6
FNH:6
FNDA:2,(anonymous_0)
FNDA:5,(anonymous_1)
FNDA:2,(anonymous_2)
FNDA:2,(anonymous_3)
FNDA:1,(anonymous_4)
FNDA:2,(anonymous_5)
DA:16,2
DA:17,2
DA:24,5
DA:31,2
DA:40,2
DA:49,1
DA:52,2
DA:54,2
DA:55,2
DA:57,1
DA:58,1
DA:59,1
DA:61,1
DA:63,2
LF:14
LH:14
BRDA:55,0,0,1
BRDA:55,0,1,1
BRF:2
BRH:2
end_of_record
TN:
SF:/Users/andeladeveloper/Documents/Andela/headlines-nfa/src/js/utils/AppConstants.js
FNF:0
FNH:0
DA:2,12
DA:10,12
LF:2
LH:2
BRF:0
BRH:0
end_of_record
TN:
SF:/Users/andeladeveloper/Documents/Andela/headlines-nfa/src/js/utils/AppDispatcher.js
FNF:0
FNH:0
LF:0
LH:0
BRF:0
BRH:0
end_of_record
