TN:
SF:/Users/andeladeveloper/Documents/Andela/headlines-nfa/src/js/actions/ArticlesActions.js
FN:16,(anonymous_0)
FN:24,getArticles
FNF:2
FNH:2
FNDA:1,(anonymous_0)
FNDA:1,getArticles
DA:5,3
DA:13,3
DA:14,3
DA:16,3
DA:17,1
DA:18,1
DA:19,1
DA:25,1
LF:8
LH:8
BRDA:17,0,0,0
BRDA:17,0,1,1
BRF:2
BRH:1
end_of_record
TN:
SF:/Users/andeladeveloper/Documents/Andela/headlines-nfa/src/js/actions/AuthenticationAction.js
FN:9,isLoggin
FN:22,logout
FNF:2
FNH:1
FNDA:2,isLoggin
FNDA:0,logout
DA:10,2
DA:11,2
DA:12,2
DA:23,0
DA:24,0
LF:5
LH:3
BRDA:10,0,0,2
BRDA:10,0,1,0
BRF:2
BRH:1
end_of_record
TN:
SF:/Users/andeladeveloper/Documents/Andela/headlines-nfa/src/js/actions/SortActions.js
FN:12,(anonymous_0)
FN:25,getSorts
FNF:2
FNH:2
FNDA:1,(anonymous_0)
FNDA:1,getSorts
DA:5,3
DA:6,3
DA:12,3
DA:13,1
DA:14,1
DA:15,1
DA:26,1
LF:7
LH:7
BRDA:13,0,0,0
BRDA:13,0,1,1
BRF:2
BRH:1
end_of_record
TN:
SF:/Users/andeladeveloper/Documents/Andela/headlines-nfa/src/js/actions/SourcesActions.js
FN:11,(anonymous_0)
FN:20,getSources
FNF:2
FNH:1
FNDA:0,(anonymous_0)
FNDA:2,getSources
DA:11,3
DA:12,0
DA:13,0
DA:14,0
DA:21,2
LF:5
LH:2
BRDA:12,0,0,0
BRDA:12,0,1,0
BRF:2
BRH:0
end_of_record
TN:
SF:/Users/andeladeveloper/Documents/Andela/headlines-nfa/src/js/components/layout/Footer.js
FN:7,(anonymous_0)
FNF:1
FNH:0
FNDA:0,(anonymous_0)
DA:8,0
LF:1
LH:0
BRF:0
BRH:0
end_of_record
TN:
SF:/Users/andeladeveloper/Documents/Andela/headlines-nfa/src/js/components/layout/Nav.js
FN:14,(anonymous_0)
FN:23,(anonymous_1)
FN:27,(anonymous_2)
FN:32,(anonymous_3)
FNF:4
FNH:2
FNDA:1,(anonymous_0)
FNDA:0,(anonymous_1)
FNDA:0,(anonymous_2)
FNDA:1,(anonymous_3)
DA:9,2
DA:15,1
DA:17,1
DA:21,1
DA:24,0
DA:25,0
DA:28,0
DA:29,0
DA:33,1
DA:34,1
DA:35,1
DA:36,1
DA:37,1
DA:39,1
DA:41,1
LF:15
LH:11
BRDA:35,0,0,0
BRDA:35,0,1,1
BRDA:35,1,0,1
BRDA:35,1,1,0
BRDA:36,2,0,0
BRDA:36,2,1,1
BRDA:36,3,0,1
BRDA:36,3,1,0
BRDA:36,3,2,0
BRDA:37,4,0,0
BRDA:37,4,1,1
BRDA:37,5,0,1
BRDA:37,5,1,0
BRDA:37,5,2,0
BRDA:39,6,0,1
BRDA:39,6,1,0
BRF:16
BRH:7
end_of_record
TN:
SF:/Users/andeladeveloper/Documents/Andela/headlines-nfa/src/js/pages/Articles.js
FN:11,(anonymous_0)
FN:19,(anonymous_1)
FN:24,(anonymous_2)
FN:27,(anonymous_3)
FN:32,(anonymous_4)
FN:35,(anonymous_5)
FN:47,(anonymous_6)
FN:56,(anonymous_7)
FNF:8
FNH:3
FNDA:1,(anonymous_0)
FNDA:1,(anonymous_1)
FNDA:0,(anonymous_2)
FNDA:0,(anonymous_3)
FNDA:0,(anonymous_4)
FNDA:1,(anonymous_5)
FNDA:0,(anonymous_6)
FNDA:0,(anonymous_7)
DA:12,1
DA:13,1
DA:17,1
DA:20,1
DA:21,0
DA:22,0
DA:25,0
DA:28,0
DA:33,0
DA:36,1
DA:39,1
DA:40,1
DA:42,1
DA:48,0
DA:57,0
LF:15
LH:8
BRDA:20,0,0,1
BRDA:20,0,1,0
BRDA:36,1,0,1
BRDA:36,1,1,1
BRDA:36,1,2,0
BRDA:39,2,0,1
BRDA:39,2,1,0
BRDA:47,3,0,1
BRDA:47,3,1,0
BRDA:56,4,0,1
BRDA:56,4,1,1
BRF:11
BRH:7
end_of_record
TN:
SF:/Users/andeladeveloper/Documents/Andela/headlines-nfa/src/js/pages/Layout.js
FN:15,(anonymous_0)
FN:22,(anonymous_1)
FN:25,(anonymous_2)
FN:28,(anonymous_3)
FN:32,(anonymous_4)
FN:37,(anonymous_5)
FNF:6
FNH:3
FNDA:1,(anonymous_0)
FNDA:0,(anonymous_1)
FNDA:0,(anonymous_2)
FNDA:0,(anonymous_3)
FNDA:1,(anonymous_4)
FNDA:1,(anonymous_5)
DA:10,1
DA:11,1
DA:16,1
DA:17,1
DA:18,1
DA:23,0
DA:26,0
DA:29,0
DA:33,1
DA:38,1
DA:39,1
DA:43,1
LF:12
LH:9
BRF:0
BRH:0
end_of_record
TN:
SF:/Users/andeladeveloper/Documents/Andela/headlines-nfa/src/js/pages/Login.js
FN:11,(anonymous_0)
FN:24,(anonymous_1)
FNF:2
FNH:2
FNDA:2,(anonymous_0)
FNDA:3,(anonymous_1)
DA:11,2
DA:12,2
DA:13,2
DA:18,2
DA:19,2
DA:20,2
DA:24,2
DA:25,3
LF:8
LH:8
BRF:0
BRH:0
end_of_record
TN:
SF:/Users/andeladeveloper/Documents/Andela/headlines-nfa/src/js/pages/Welcome.js
FN:11,(anonymous_0)
FN:19,(anonymous_1)
FN:24,(anonymous_2)
FN:28,(anonymous_3)
FN:34,(anonymous_4)
FN:38,(anonymous_5)
FN:41,(anonymous_6)
FN:59,(anonymous_7)
FNF:8
FNH:3
FNDA:2,(anonymous_0)
FNDA:1,(anonymous_1)
FNDA:0,(anonymous_2)
FNDA:0,(anonymous_3)
FNDA:0,(anonymous_4)
FNDA:2,(anonymous_5)
FNDA:0,(anonymous_6)
FNDA:0,(anonymous_7)
DA:12,2
DA:13,2
DA:17,2
DA:20,1
DA:21,1
DA:25,0
DA:29,0
DA:35,0
DA:39,2
DA:40,2
DA:41,0
DA:45,2
DA:60,0
LF:13
LH:8
BRF:0
BRH:0
end_of_record
TN:
SF:/Users/andeladeveloper/Documents/Andela/headlines-nfa/src/js/stores/ArticlesStore.js
FN:32,(anonymous_0)
FNF:1
FNH:1
FNDA:1,(anonymous_0)
DA:6,3
DA:8,3
DA:16,3
DA:20,1
DA:25,1
DA:28,1
DA:32,3
DA:33,1
DA:35,0
DA:36,0
DA:37,0
DA:38,0
DA:39,0
DA:40,0
LF:14
LH:8
BRDA:33,0,0,0
BRDA:35,1,0,0
BRDA:35,1,1,0
BRF:3
BRH:0
end_of_record
TN:
SF:/Users/andeladeveloper/Documents/Andela/headlines-nfa/src/js/stores/AuthenticationStore.js
FN:44,(anonymous_0)
FNF:1
FNH:1
FNDA:2,(anonymous_0)
DA:16,3
DA:17,3
DA:23,1
DA:26,3
DA:30,1
DA:33,1
DA:44,3
DA:45,2
DA:47,2
DA:51,2
DA:52,2
DA:56,0
DA:59,0
DA:60,0
DA:62,0
DA:64,2
LF:16
LH:12
BRDA:45,0,0,2
BRDA:45,0,1,0
BRDA:45,0,2,0
BRF:3
BRH:1
end_of_record
TN:
SF:/Users/andeladeveloper/Documents/Andela/headlines-nfa/src/js/stores/SortStore.js
FN:30,(anonymous_0)
FNF:1
FNH:1
FNDA:1,(anonymous_0)
DA:5,3
DA:6,3
DA:14,2
DA:18,1
DA:23,1
DA:26,1
DA:30,3
DA:31,1
DA:33,0
DA:34,0
DA:35,0
DA:36,0
DA:37,0
DA:38,0
LF:14
LH:8
BRDA:31,0,0,0
BRDA:33,1,0,0
BRDA:33,1,1,0
BRF:3
BRH:0
end_of_record
TN:
SF:/Users/andeladeveloper/Documents/Andela/headlines-nfa/src/js/stores/SourceStore.js
FN:28,(anonymous_0)
FNF:1
FNH:1
FNDA:1,(anonymous_0)
DA:6,2
DA:7,2
DA:12,4
DA:16,1
DA:21,2
DA:24,1
DA:28,2
DA:29,1
DA:31,0
DA:32,0
DA:33,0
DA:35,1
LF:12
LH:9
BRDA:29,0,0,0
BRF:1
BRH:0
end_of_record
TN:
SF:/Users/andeladeveloper/Documents/Andela/headlines-nfa/src/js/utils/AppConstants.js
FNF:0
FNH:0
DA:2,12
DA:10,12
LF:2
LH:2
BRF:0
BRH:0
end_of_record
TN:
SF:/Users/andeladeveloper/Documents/Andela/headlines-nfa/src/js/utils/AppDispatcher.js
FNF:0
FNH:0
LF:0
LH:0
BRF:0
BRH:0
end_of_record
